2026-02-04T20:18:47+00:00 - SSL error for 1770236327_localhost_8080_Banwa_client_pages_staff_business_staff_business.php (1).png, retrying with SSL verify disabled.
2026-02-04T20:18:51+00:00 - ERROR for 1770236327_localhost_8080_Banwa_client_pages_staff_business_staff_business.php (1).png: array (
  'OCRExitCode' => 3,
  'IsErroredOnProcessing' => true,
  'ErrorMessage' => 
  array (
    0 => 'File failed validation. File size exceeds the maximum permissible file size limit of 1024 KB',
  ),
  'ErrorDetails' => '',
  'ProcessingTimeInMilliseconds' => '0',
)
2026-02-04T20:27:23+00:00 - SSL error for 1770236842_Barangay-Blue-Ridge-B-Business-Clearance.pdf, retrying with SSL verify disabled.
2026-02-04T20:29:06+00:00 - SSL error for 1770236946_Barangay-Blue-Ridge-B-Business-Clearance.pdf, retrying with SSL verify disabled.
2026-02-04T20:30:27+00:00 - SSL error for 1770237026_Barangay-Blue-Ridge-B-Business-Clearance.pdf, retrying with SSL verify disabled.
2026-02-04T20:35:31+00:00 - SSL error for 1770237330_Barangay-Blue-Ridge-B-Business-Clearance.pdf, retrying with SSL verify disabled.
2026-02-04T20:39:37+00:00 - SSL error for 1770237577_valid_id_test.jpg, retrying with SSL verify disabled.
2026-02-04T20:42:32+00:00 - SSL error for 1770237751_Barangay-Blue-Ridge-B-Business-Clearance.pdf, retrying with SSL verify disabled.
2026-02-04T20:43:12+00:00 - SSL error for 1770237792_valid_id_test.jpg, retrying with SSL verify disabled.
2026-02-04T20:47:21+00:00 - SSL error for 1770238040_valid_id_test.jpg, retrying with SSL verify disabled.
2026-02-04T20:59:54+00:00 - SSL error for 1770238793_valid_id_test.jpg, retrying with SSL verify disabled.
2026-02-04T21:10:08+00:00 - SSL error for 1770239407_valid_id_test.jpg, retrying with SSL verify disabled.
2026-02-04T21:11:54+00:00 - SSL error for 1770239514_valid_id_test.jpg, retrying with SSL verify disabled.
2026-02-05T03:27:14+00:00 - SSL error for 1770262033_localhost_8080_Banwa_client_pages_resident_construction_app.php.png, retrying with SSL verify disabled.
2026-02-15T14:13:54+00:00 - SSL error for 1770262368_incidentSchema.png, retrying with SSL verify disabled.
2026-02-15T16:24:29+00:00 - SSL error for 1771172668_Screenshot 2026-02-07 143954.png, retrying with SSL verify disabled.
2026-02-17T13:15:30+00:00 - SSL error for Screenshot 2026-02-07 143954.png, retrying with SSL verify disabled.
2026-02-17T13:18:12+00:00 - SSL error for Screenshot 2026-02-07 143954.png, retrying with SSL verify disabled.
2026-02-17T13:47:09+00:00 - SSL error for Screenshot 2026-02-07 143954.png, retrying with SSL verify disabled.
2026-02-17T13:54:30+00:00 - SSL error for Screenshot 2026-02-07 143954.png, retrying with SSL verify disabled.
2026-02-17T14:13:48+00:00 - SSL error for Screenshot 2026-02-07 143954.png, retrying with SSL verify disabled.
2026-02-17T14:14:13+00:00 - SSL error for , retrying with SSL verify disabled.
2026-02-17T14:34:51+00:00 - SSL error for Screenshot 2026-02-07 143954.png, retrying with SSL verify disabled.
2026-02-17T14:40:03+00:00 - SSL error for Screenshot 2026-02-07 143954.png, retrying with SSL verify disabled.
2026-02-25T11:05:42+00:00 - SSL error for Untitled.png, retrying with SSL verify disabled.
2026-02-25T11:09:07+00:00 - SSL error for Untitled.png, retrying with SSL verify disabled.
2026-02-25T12:23:40+00:00 - SSL error for Barangay-Blue-Ridge-B-Business-Clearance.pdf, retrying with SSL verify disabled.
2026-02-25T12:24:00+00:00 - SSL error for Barangay-Blue-Ridge-B-Business-Clearance.pdf, retrying with SSL verify disabled.
2026-02-25T17:55:20+00:00 - SSL error for Untitled.png, retrying with SSL verify disabled.
2026-02-25T17:55:44+00:00 - SSL error for business_ocr_results.png, retrying with SSL verify disabled.
2026-02-25T17:56:42+00:00 - SSL error for Untitled.png, retrying with SSL verify disabled.
2026-02-25T17:57:53+00:00 - SSL error for Untitled.png, retrying with SSL verify disabled.
2026-02-25T17:58:15+00:00 - SSL error for business_ocr_results.png, retrying with SSL verify disabled.
2026-02-25T18:05:14+00:00 - SSL error for Untitled.png, retrying with SSL verify disabled.
2026-02-25T18:06:57+00:00 - SSL error for Untitled.png, retrying with SSL verify disabled.
2026-02-25T18:07:22+00:00 - SSL error for business_ocr_results.png, retrying with SSL verify disabled.
2026-02-25T18:15:17+00:00 - SSL error for Untitled.png, retrying with SSL verify disabled.
2026-02-25T18:15:20+00:00 - SSL error for business_ocr_results.png, retrying with SSL verify disabled.
2026-02-25T18:20:46+00:00 - SSL error for tct.jpg, retrying with SSL verify disabled.
2026-02-25T18:20:48+00:00 - SSL error for leaseContract.jpg, retrying with SSL verify disabled.
2026-02-25T18:27:52+00:00 - SSL error for tct.jpg, retrying with SSL verify disabled.
2026-02-25T18:27:55+00:00 - SSL error for leaseContract.jpg, retrying with SSL verify disabled.
2026-02-25T18:32:56+00:00 - SSL error for tct.jpg, retrying with SSL verify disabled.
2026-02-25T18:33:00+00:00 - SSL error for leaseContract.jpg, retrying with SSL verify disabled.
2026-02-25T18:33:53+00:00 - SSL error for tct.jpg, retrying with SSL verify disabled.
2026-02-25T18:33:56+00:00 - SSL error for leaseContract.jpg, retrying with SSL verify disabled.
2026-02-25T18:46:08+00:00 - SSL error for Barangay-Blue-Ridge-B-Business-Clearance.pdf, retrying with SSL verify disabled.
2026-02-25T18:46:29+00:00 - SSL error for localhost_8080_Banwa_client_pages_resident_incidentReport.php.png, retrying with SSL verify disabled.
2026-02-25T18:46:42+00:00 - SSL error for localhost_8080_Banwa_client_pages_resident_utilities_app.php (2).png, retrying with SSL verify disabled.
2026-02-25T18:46:53+00:00 - SSL error for localhost_8080_Banwa_client_pages_resident_utilities_app.php (1).png, retrying with SSL verify disabled.
2026-02-25T18:47:01+00:00 - SSL error for localhost_8080_Banwa_client_pages_resident_utilities_app.php.png, retrying with SSL verify disabled.
2026-02-25T18:47:07+00:00 - SSL error for localhost_8080_Banwa_client_pages_resident_business_app.php (7).png, retrying with SSL verify disabled.
2026-02-27T11:10:41+00:00 - SSL error for 1770239407_valid_id_test.jpg, retrying with SSL verify disabled.
2026-02-27T11:12:26+00:00 - ERROR for 1770239407_valid_id_test.jpg: array (
  'ParsedResults' => 
  array (
  ),
  'OCRExitCode' => 6,
  'IsErroredOnProcessing' => true,
  'ErrorMessage' => 
  array (
    0 => 'E101: Timed out waiting for results',
  ),
  'ProcessingTimeInMilliseconds' => '2556',
)
2026-02-27T11:12:26+00:00 - SSL error for 1770262033_localhost_8080_Banwa_client_pages_resident_construction_app.php.png, retrying with SSL verify disabled.
2026-02-27T11:13:47+00:00 - SSL error for leaseContract.jpg, retrying with SSL verify disabled.
2026-02-27T11:14:15+00:00 - SSL error for 1770236327_localhost_8080_Banwa_client_pages_staff_business_staff_business.php (1).png, retrying with SSL verify disabled.
2026-02-27T11:14:17+00:00 - ERROR for 1770236327_localhost_8080_Banwa_client_pages_staff_business_staff_business.php (1).png: array (
  'OCRExitCode' => 3,
  'IsErroredOnProcessing' => true,
  'ErrorMessage' => 
  array (
    0 => 'File failed validation. File size exceeds the maximum permissible file size limit of 1024 KB',
  ),
  'ErrorDetails' => '',
  'ProcessingTimeInMilliseconds' => '0',
)
2026-02-27T11:14:18+00:00 - SSL error for 1770236842_Barangay-Blue-Ridge-B-Business-Clearance.pdf, retrying with SSL verify disabled.
2026-02-27T11:14:26+00:00 - SSL error for Screenshot 2026-02-07 143954.png, retrying with SSL verify disabled.
2026-02-27T11:14:29+00:00 - SSL error for 1770236946_Barangay-Blue-Ridge-B-Business-Clearance.pdf, retrying with SSL verify disabled.
2026-02-27T11:14:34+00:00 - SSL error for 1770237026_Barangay-Blue-Ridge-B-Business-Clearance.pdf, retrying with SSL verify disabled.
2026-02-27T11:14:38+00:00 - SSL error for 1770237330_Barangay-Blue-Ridge-B-Business-Clearance.pdf, retrying with SSL verify disabled.
2026-02-27T11:14:43+00:00 - SSL error for 1770237577_valid_id_test.jpg, retrying with SSL verify disabled.
2026-02-27T11:14:46+00:00 - SSL error for 1770237751_Barangay-Blue-Ridge-B-Business-Clearance.pdf, retrying with SSL verify disabled.
2026-02-27T11:14:49+00:00 - SSL error for 1770237792_valid_id_test.jpg, retrying with SSL verify disabled.
2026-02-27T11:14:52+00:00 - SSL error for 1770238793_valid_id_test.jpg, retrying with SSL verify disabled.
2026-02-27T11:14:54+00:00 - SSL error for 1770239514_valid_id_test.jpg, retrying with SSL verify disabled.
2026-02-27T11:15:08+00:00 - SSL error for 1770239407_valid_id_test.jpg, retrying with SSL verify disabled.
2026-02-27T11:15:11+00:00 - SSL error for 1770262033_localhost_8080_Banwa_client_pages_resident_construction_app.php.png, retrying with SSL verify disabled.
2026-02-28T08:07:44+00:00 - SSL error for tct.jpg, retrying with SSL verify disabled.
2026-02-28T08:07:52+00:00 - SSL error for tct.jpg, retrying with SSL verify disabled.
2026-03-01T04:57:31+00:00 - SSL error for tct.jpg, retrying with SSL verify disabled.
2026-03-01T05:06:25+00:00 - SSL error for leaseContract.jpg, retrying with SSL verify disabled.
2026-03-01T05:13:58+00:00 - SSL error for leaseContract.jpg, retrying with SSL verify disabled.
2026-03-01T05:23:09+00:00 - SSL error for leaseContract.jpg, retrying with SSL verify disabled.
2026-03-01T05:34:02+00:00 - SSL error for tct.jpg, retrying with SSL verify disabled.
2026-03-01T05:36:38+00:00 - SSL error for leaseContract.jpg, retrying with SSL verify disabled.
2026-03-01T05:37:17+00:00 - SSL error for biz_69a3d0738f33c1.28642933.jpg, retrying with SSL verify disabled.
2026-03-01T05:38:14+00:00 - SSL error for biz_69a3d0b972c746.26358038.jpg, retrying with SSL verify disabled.
2026-03-01T12:12:49+00:00 - SSL error for leaseContract.jpg, retrying with SSL verify disabled.
2026-03-01T12:13:03+00:00 - SSL error for leaseContract.jpg, retrying with SSL verify disabled.
2026-03-01T12:18:34+00:00 - SSL error for tct.jpg, retrying with SSL verify disabled.
2026-03-01T12:18:53+00:00 - SSL error for tct.jpg, retrying with SSL verify disabled.
2026-03-01T12:18:56+00:00 - SSL error for tct.jpg, retrying with SSL verify disabled.
2026-03-01T12:21:57+00:00 - SSL error for tct.jpg, retrying with SSL verify disabled.
2026-03-01T12:24:52+00:00 - SSL error for biz_69a42f64b08fc1.86604017.jpg, retrying with SSL verify disabled.
2026-03-01T12:25:15+00:00 - SSL error for leaseContract.jpg, retrying with SSL verify disabled.
2026-03-01T12:25:47+00:00 - SSL error for biz_69a4302a856f76.59249533.jpg, retrying with SSL verify disabled.
2026-03-01T12:26:24+00:00 - SSL error for leaseContract.jpg, retrying with SSL verify disabled.
2026-03-01T12:27:42+00:00 - SSL error for leaseContract.jpg, retrying with SSL verify disabled.
2026-03-01T12:28:00+00:00 - SSL error for leaseContract.jpg, retrying with SSL verify disabled.
2026-03-01T12:30:00+00:00 - SSL error for tct.jpg, retrying with SSL verify disabled.
2026-03-01T12:30:13+00:00 - SSL error for tct.jpg, retrying with SSL verify disabled.
2026-03-01T12:36:36+00:00 - SSL error for tct.jpg, retrying with SSL verify disabled.
2026-03-01T12:36:39+00:00 - SSL error for leaseContract.jpg, retrying with SSL verify disabled.
2026-03-01T12:36:53+00:00 - SSL error for tct.jpg, retrying with SSL verify disabled.
2026-03-01T12:36:54+00:00 - SSL error for leaseContract.jpg, retrying with SSL verify disabled.
2026-03-01T12:38:40+00:00 - SSL error for tct.jpg, retrying with SSL verify disabled.
2026-03-01T12:38:41+00:00 - SSL error for leaseContract.jpg, retrying with SSL verify disabled.
2026-03-01T12:38:55+00:00 - SSL error for tct.jpg, retrying with SSL verify disabled.
2026-03-01T12:38:56+00:00 - SSL error for leaseContract.jpg, retrying with SSL verify disabled.
2026-03-01T12:39:22+00:00 - SSL error for tct.jpg, retrying with SSL verify disabled.
2026-03-01T12:39:23+00:00 - SSL error for leaseContract.jpg, retrying with SSL verify disabled.
2026-03-01T12:50:56+00:00 - SSL error for tct.jpg, retrying with SSL verify disabled.
2026-03-01T12:50:57+00:00 - SSL error for leaseContract.jpg, retrying with SSL verify disabled.
2026-03-01T12:51:42+00:00 - SSL error for tct.jpg, retrying with SSL verify disabled.
2026-03-01T12:51:43+00:00 - SSL error for tct.jpg, retrying with SSL verify disabled.
2026-03-01T12:52:31+00:00 - SSL error for tct.jpg, retrying with SSL verify disabled.
2026-03-01T12:52:32+00:00 - SSL error for tct.jpg, retrying with SSL verify disabled.
2026-03-01T12:55:19+00:00 - SSL error for leaseContract.jpg, retrying with SSL verify disabled.
2026-03-01T12:55:20+00:00 - SSL error for leaseContract.jpg, retrying with SSL verify disabled.
2026-03-01T13:04:39+00:00 - SSL error for leaseContract.jpg, retrying with SSL verify disabled.
2026-03-01T13:16:04+00:00 - SSL error for leaseContract.jpg, retrying with SSL verify disabled.
2026-03-01T13:21:05+00:00 - SSL error for leaseContract.jpg, retrying with SSL verify disabled.
2026-03-01T13:21:07+00:00 - SSL error for leaseContract.jpg, retrying with SSL verify disabled.
2026-03-01T13:27:15+00:00 - SSL error for leaseContract.jpg, retrying with SSL verify disabled.
2026-03-01T13:27:16+00:00 - SSL error for leaseContract.jpg, retrying with SSL verify disabled.
2026-03-01T13:27:59+00:00 - SSL error for tct.jpg, retrying with SSL verify disabled.
2026-03-01T13:33:57+00:00 - SSL error for tct.jpg, retrying with SSL verify disabled.
2026-03-01T13:35:01+00:00 - SSL error for leaseContract.jpg, retrying with SSL verify disabled.
