{"timestamp":"2026-02-01 12:21:49","application_id":"59","dss_status":"Pre-Approved","score":6,"max_score":6,"probability":100,"passed_rules":6,"failed_rules":0}
{"timestamp":"2026-02-01 12:40:49","application_id":"59","dss_status":"Pre-Approved","score":6,"max_score":6,"probability":100,"passed_rules":6,"failed_rules":0}
{"timestamp":"2026-02-01 12:45:18","application_id":"59","dss_status":"Pre-Approved","score":6,"max_score":6,"probability":100,"passed_rules":6,"failed_rules":0}
{"timestamp":"2026-02-01 13:47:38","application_id":"59","dss_status":"Pre-Approved","score":6,"max_score":6,"probability":100,"passed_rules":6,"failed_rules":0}
{"timestamp":"2026-02-01 13:49:31","application_id":"59","dss_status":"Pre-Approved","score":6,"max_score":6,"probability":100,"passed_rules":6,"failed_rules":0}
{"timestamp":"2026-02-02 06:16:06","application_id":60,"dss_status":"Pre-Approved","score":6,"max_score":6,"probability":100,"passed_rules":6,"failed_rules":0}
{"timestamp":"2026-02-02 07:55:34","application_id":"60","dss_status":"Pre-Approved","score":6,"max_score":6,"probability":100,"passed_rules":6,"failed_rules":0}
{"timestamp":"2026-02-03 19:07:00","application_id":61,"dss_status":"Additional Requirements Needed","score":5,"max_score":6,"probability":83.33,"passed_rules":5,"failed_rules":1}
{"timestamp":"2026-02-04 11:49:24","application_id":64,"dss_status":"Pre-Approved","score":6,"max_score":6,"probability":100,"passed_rules":6,"failed_rules":0}
{"timestamp":"2026-02-04 20:18:51","application_id":"70","dss_status":"Pre-Approved","score":5,"max_score":6,"probability":83.33,"passed_rules":5,"failed_rules":1}
{"timestamp":"2026-02-04 20:27:26","application_id":"70","dss_status":"Pre-Approved","score":5,"max_score":6,"probability":83.33,"passed_rules":5,"failed_rules":1}
{"timestamp":"2026-02-04 20:29:09","application_id":"70","dss_status":"Pre-Approved","score":5,"max_score":6,"probability":83.33,"passed_rules":5,"failed_rules":1}
{"timestamp":"2026-02-04 20:30:30","application_id":"70","dss_status":"Pre-Approved","score":5,"max_score":6,"probability":83.33,"passed_rules":5,"failed_rules":1}
{"timestamp":"2026-02-04 20:35:34","application_id":"70","dss_status":"Pre-Approved","score":5,"max_score":6,"probability":83.33,"passed_rules":5,"failed_rules":1}
{"timestamp":"2026-02-04 20:39:40","application_id":"70","dss_status":"Pre-Approved","score":5,"max_score":6,"probability":83.33,"passed_rules":5,"failed_rules":1}
{"timestamp":"2026-02-04 20:42:35","application_id":"70","dss_status":"Pre-Approved","score":5,"max_score":6,"probability":83.33,"passed_rules":5,"failed_rules":1}
{"timestamp":"2026-02-04 20:43:15","application_id":"70","dss_status":"Pre-Approved","score":5,"max_score":6,"probability":83.33,"passed_rules":5,"failed_rules":1}
{"timestamp":"2026-02-04 20:47:23","application_id":"72","dss_status":"Pre-Approved","score":5,"max_score":6,"probability":83.33,"passed_rules":5,"failed_rules":1}
{"timestamp":"2026-02-04 20:59:57","application_id":"70","dss_status":"Pre-Approved","score":5,"max_score":6,"probability":83.33,"passed_rules":5,"failed_rules":1}
{"timestamp":"2026-02-04 21:10:10","application_id":"71","dss_status":"Pre-Approved","score":5,"max_score":6,"probability":83.33,"passed_rules":5,"failed_rules":1}
{"timestamp":"2026-02-04 21:11:56","application_id":"70","dss_status":"Pre-Approved","score":5,"max_score":6,"probability":83.33,"passed_rules":5,"failed_rules":1}
{"timestamp":"2026-02-05 03:27:18","application_id":"71","dss_status":"Pre-Approved","score":5,"max_score":6,"probability":83.33,"passed_rules":5,"failed_rules":1}
{"timestamp":"2026-02-15 16:24:38","application_id":66,"dss_status":"Pre-Approved","score":6,"max_score":6,"probability":100,"passed_rules":6,"failed_rules":0}
{"timestamp":"2026-02-24 13:39:35","application_id":74,"dss_status":"Pre-Approved","score":7,"max_score":7,"probability":100,"passed_rules":7,"failed_rules":0}
{"timestamp":"2026-02-24 14:45:09","application_id":75,"dss_status":"Pre-Approved","score":7,"max_score":7,"probability":100,"passed_rules":7,"failed_rules":0}
{"timestamp":"2026-02-24 14:45:39","application_id":76,"dss_status":"Pre-Approved","score":7,"max_score":7,"probability":100,"passed_rules":7,"failed_rules":0}
{"timestamp":"2026-02-24 14:50:28","application_id":77,"dss_status":"Pre-Approved","score":6,"max_score":7,"probability":85.71,"passed_rules":6,"failed_rules":1}
{"timestamp":"2026-02-28 17:36:51","application_id":74,"dss_status":"Rejected","score":4,"max_score":7,"probability":57.14,"passed_rules":4,"failed_rules":3}
{"timestamp":"2026-02-28 17:43:48","application_id":75,"dss_status":"Rejected","score":4,"max_score":7,"probability":57.14,"passed_rules":4,"failed_rules":3}
{"timestamp":"2026-02-28 18:10:31","application_id":76,"dss_status":"Rejected","score":4,"max_score":7,"probability":57.14,"passed_rules":4,"failed_rules":3}
{"timestamp":"2026-02-28 18:14:12","application_id":77,"dss_status":"Rejected","score":4,"max_score":7,"probability":57.14,"passed_rules":4,"failed_rules":3}
{"timestamp":"2026-03-01 04:57:51","application_id":80,"dss_status":"Pre-Approved","score":6,"max_score":7,"probability":85.71,"passed_rules":6,"failed_rules":1}
{"timestamp":"2026-03-01 05:36:51","application_id":83,"dss_status":"Pre-Approved","score":6,"max_score":7,"probability":85.71,"passed_rules":6,"failed_rules":1}
{"timestamp":"2026-03-01 05:38:01","application_id":84,"dss_status":"Rejected","score":4,"max_score":7,"probability":57.14,"passed_rules":4,"failed_rules":3}
{"timestamp":"2026-03-01 08:47:29","application_id":78,"dss_status":"Rejected","score":4,"max_score":7,"probability":57.14,"passed_rules":4,"failed_rules":3}
{"timestamp":"2026-03-01 11:18:28","application_id":79,"dss_status":"Pre-Approved","score":7,"max_score":7,"probability":100,"passed_rules":7,"failed_rules":0}
{"timestamp":"2026-03-01 11:26:05","application_id":80,"dss_status":"Pre-Approved","score":7,"max_score":7,"probability":100,"passed_rules":7,"failed_rules":0}
{"timestamp":"2026-03-01 11:29:08","application_id":81,"dss_status":"Pre-Approved","score":6,"max_score":7,"probability":85.71,"passed_rules":6,"failed_rules":1}
{"timestamp":"2026-03-01 11:37:41","application_id":82,"dss_status":"Pre-Approved","score":6,"max_score":7,"probability":85.71,"passed_rules":6,"failed_rules":1}
{"timestamp":"2026-03-01 11:46:04","application_id":83,"dss_status":"Additional Requirements Needed","score":4,"max_score":7,"probability":57.14,"passed_rules":4,"failed_rules":3}
{"timestamp":"2026-03-01 11:56:03","application_id":84,"dss_status":"Additional Requirements Needed","score":5,"max_score":7,"probability":71.43,"passed_rules":5,"failed_rules":2}
{"timestamp":"2026-03-01 11:58:33","application_id":85,"dss_status":"Pre-Approved","score":6,"max_score":7,"probability":85.71,"passed_rules":6,"failed_rules":1}
{"timestamp":"2026-03-01 12:00:23","application_id":86,"dss_status":"Pre-Approved","score":6,"max_score":7,"probability":85.71,"passed_rules":6,"failed_rules":1}
{"timestamp":"2026-03-01 12:03:45","application_id":87,"dss_status":"Pre-Approved","score":6,"max_score":7,"probability":85.71,"passed_rules":6,"failed_rules":1}
{"timestamp":"2026-03-01 12:09:09","application_id":88,"dss_status":"Additional Requirements Needed","score":5,"max_score":7,"probability":71.43,"passed_rules":5,"failed_rules":2}
{"timestamp":"2026-03-01 13:02:09","application_id":89,"dss_status":"Additional Requirements Needed","score":5,"max_score":7,"probability":71.43,"passed_rules":5,"failed_rules":2}
{"timestamp":"2026-03-01 13:52:52","application_id":95,"dss_status":"Pre-Approved","score":6,"max_score":7,"probability":85.71,"passed_rules":6,"failed_rules":1}
{"timestamp":"2026-03-02 13:33:24","application_id":118,"dss_status":"Rejected","score":4,"max_score":7,"probability":57.14,"passed_rules":4,"failed_rules":3}
{"timestamp":"2026-03-04 09:00:09","application_id":103,"dss_status":"Rejected","score":4,"max_score":7,"probability":57.14,"passed_rules":4,"failed_rules":3}
{"timestamp":"2026-03-04 10:17:10","application_id":104,"dss_status":"Rejected","score":3,"max_score":7,"probability":42.86,"passed_rules":3,"failed_rules":4}
{"timestamp":"2026-03-04 12:29:23","application_id":105,"dss_status":"Pre-Approved","score":6,"max_score":7,"probability":85.71,"passed_rules":6,"failed_rules":1}
{"timestamp":"2026-03-04 18:53:26","application_id":106,"dss_status":"Pre-Approved","score":6,"max_score":7,"probability":85.71,"passed_rules":6,"failed_rules":1}
{"timestamp":"2026-03-04 18:56:31","application_id":"106","dss_status":"Pre-Approved","score":6,"max_score":7,"probability":85.71,"passed_rules":6,"failed_rules":1}
{"timestamp":"2026-03-04 18:56:31","application_id":"106","dss_status":"Pre-Approved","score":6,"max_score":7,"probability":85.71,"passed_rules":6,"failed_rules":1}
{"timestamp":"2026-03-07 11:41:40","application_id":107,"dss_status":"Pre-Approved","score":6,"max_score":7,"probability":85.71,"passed_rules":6,"failed_rules":1}
{"timestamp":"2026-03-07 11:43:53","application_id":"107","dss_status":"Pre-Approved","score":6,"max_score":7,"probability":85.71,"passed_rules":6,"failed_rules":1}
{"timestamp":"2026-03-07 11:43:53","application_id":"107","dss_status":"Pre-Approved","score":6,"max_score":7,"probability":85.71,"passed_rules":6,"failed_rules":1}
{"timestamp":"2026-03-10 14:35:52","application_id":109,"dss_status":"Pre-Approved","score":6,"max_score":7,"probability":85.71,"passed_rules":6,"failed_rules":1}
{"timestamp":"2026-03-10 15:54:07","application_id":"109","dss_status":"Pre-Approved","score":6,"max_score":7,"probability":85.71,"passed_rules":6,"failed_rules":1}
{"timestamp":"2026-03-10 15:54:11","application_id":"109","dss_status":"Pre-Approved","score":6,"max_score":7,"probability":85.71,"passed_rules":6,"failed_rules":1}
{"timestamp":"2026-03-13 17:46:24","application_id":108,"dss_status":"Pre-Approved","score":6,"max_score":7,"probability":85.71,"passed_rules":6,"failed_rules":1}
{"timestamp":"2026-03-13 17:52:16","application_id":109,"dss_status":"Pre-Approved","score":6,"max_score":7,"probability":85.71,"passed_rules":6,"failed_rules":1}
{"timestamp":"2026-03-13 17:55:12","application_id":110,"dss_status":"Pre-Approved","score":6,"max_score":7,"probability":85.71,"passed_rules":6,"failed_rules":1}
{"timestamp":"2026-03-14 09:52:56","application_id":111,"dss_status":"Pre-Approved","score":10,"max_score":10,"probability":100,"passed_rules":10,"failed_rules":0}
{"timestamp":"2026-03-14 09:56:18","application_id":112,"dss_status":"Rejected","score":8,"max_score":10,"probability":80,"passed_rules":8,"failed_rules":2}
{"timestamp":"2026-03-14 19:15:24","application_id":114,"dss_status":"Pre-Approved","score":9,"max_score":10,"probability":90,"passed_rules":9,"failed_rules":1}
{"timestamp":"2026-03-14 19:25:11","application_id":115,"dss_status":"Pre-Approved","score":9,"max_score":10,"probability":90,"passed_rules":9,"failed_rules":1}
