[03-Mar-2026 14:02:40 UTC] PHP Warning:  Undefined array key "orNumber" in C:\Users\rvmat\Banwa\server\handlers\staff\finance\finance_handler.php on line 46
[03-Mar-2026 14:15:20 UTC] PHP Warning:  Undefined array key "orNumber" in C:\Users\rvmat\Banwa\server\handlers\staff\finance\finance_handler.php on line 46
[03-Mar-2026 14:15:49 UTC] PHP Warning:  Undefined array key "orNumber" in C:\Users\rvmat\Banwa\server\handlers\staff\finance\finance_handler.php on line 46
[03-Mar-2026 14:50:47 UTC] PHP Warning:  Undefined array key "orNumber" in C:\Users\rvmat\Banwa\server\handlers\staff\finance\finance_handler.php on line 114
[03-Mar-2026 15:46:02 UTC] PHP Fatal error:  Uncaught PDOException: SQLSTATE[42703]: Undefined column: 7 ERROR:  column "requirement_upload_json" does not exist
LINE 14:                 requirement_upload_json AS requirement_uploa...
                         ^ in C:\Users\Lyn\Banwa\server\handlers\staff\finance\finance_handler.php:78
Stack trace:
#0 C:\Users\Lyn\Banwa\server\handlers\staff\finance\finance_handler.php(78): PDO->query('\r\n            S...')
#1 {main}
  thrown in C:\Users\Lyn\Banwa\server\handlers\staff\finance\finance_handler.php on line 78
[03-Mar-2026 15:46:14 UTC] PHP Fatal error:  Uncaught PDOException: SQLSTATE[42703]: Undefined column: 7 ERROR:  column "requirement_upload_json" does not exist
LINE 14:                 requirement_upload_json AS requirement_uploa...
                         ^ in C:\Users\Lyn\Banwa\server\handlers\staff\finance\finance_handler.php:78
Stack trace:
#0 C:\Users\Lyn\Banwa\server\handlers\staff\finance\finance_handler.php(78): PDO->query('\r\n            S...')
#1 {main}
  thrown in C:\Users\Lyn\Banwa\server\handlers\staff\finance\finance_handler.php on line 78
[03-Mar-2026 15:46:32 UTC] PHP Fatal error:  Uncaught PDOException: SQLSTATE[42703]: Undefined column: 7 ERROR:  column "requirement_upload_json" does not exist
LINE 14:                 requirement_upload_json AS requirement_uploa...
                         ^ in C:\Users\Lyn\Banwa\server\handlers\staff\finance\finance_handler.php:78
Stack trace:
#0 C:\Users\Lyn\Banwa\server\handlers\staff\finance\finance_handler.php(78): PDO->query('\r\n            S...')
#1 {main}
  thrown in C:\Users\Lyn\Banwa\server\handlers\staff\finance\finance_handler.php on line 78
[03-Mar-2026 16:04:10 UTC] PHP Fatal error:  Uncaught PDOException: SQLSTATE[42703]: Undefined column: 7 ERROR:  column "requirement_upload_json" does not exist
LINE 14:                 requirement_upload_json AS requirement_uploa...
                         ^ in C:\Users\Lyn\Banwa\server\handlers\staff\finance\finance_handler.php:78
Stack trace:
#0 C:\Users\Lyn\Banwa\server\handlers\staff\finance\finance_handler.php(78): PDO->query('\r\n            S...')
#1 {main}
  thrown in C:\Users\Lyn\Banwa\server\handlers\staff\finance\finance_handler.php on line 78
[03-Mar-2026 16:04:22 UTC] PHP Fatal error:  Uncaught PDOException: SQLSTATE[42703]: Undefined column: 7 ERROR:  column "requirement_upload_json" does not exist
LINE 14:                 requirement_upload_json AS requirement_uploa...
                         ^ in C:\Users\Lyn\Banwa\server\handlers\staff\finance\finance_handler.php:78
Stack trace:
#0 C:\Users\Lyn\Banwa\server\handlers\staff\finance\finance_handler.php(78): PDO->query('\r\n            S...')
#1 {main}
  thrown in C:\Users\Lyn\Banwa\server\handlers\staff\finance\finance_handler.php on line 78
[03-Mar-2026 16:24:38 UTC] PHP Fatal error:  Uncaught PDOException: SQLSTATE[42703]: Undefined column: 7 ERROR:  column "requirement_upload_json" does not exist
LINE 14:                 requirement_upload_json AS requirement_uploa...
                         ^ in C:\Users\Lyn\Banwa\server\handlers\staff\finance\finance_handler.php:78
Stack trace:
#0 C:\Users\Lyn\Banwa\server\handlers\staff\finance\finance_handler.php(78): PDO->query('\r\n            S...')
#1 {main}
  thrown in C:\Users\Lyn\Banwa\server\handlers\staff\finance\finance_handler.php on line 78
[03-Mar-2026 16:49:35 UTC] PHP Fatal error:  Uncaught PDOException: SQLSTATE[42703]: Undefined column: 7 ERROR:  column "requirement_upload_json" does not exist
LINE 14:                 requirement_upload_json AS requirement_uploa...
                         ^ in C:\Users\Lyn\Banwa\server\handlers\staff\finance\finance_handler.php:78
Stack trace:
#0 C:\Users\Lyn\Banwa\server\handlers\staff\finance\finance_handler.php(78): PDO->query('\r\n            S...')
#1 {main}
  thrown in C:\Users\Lyn\Banwa\server\handlers\staff\finance\finance_handler.php on line 78
[03-Mar-2026 16:49:49 UTC] PHP Fatal error:  Uncaught PDOException: SQLSTATE[42703]: Undefined column: 7 ERROR:  column "requirement_upload_json" does not exist
LINE 14:                 requirement_upload_json AS requirement_uploa...
                         ^ in C:\Users\Lyn\Banwa\server\handlers\staff\finance\finance_handler.php:78
Stack trace:
#0 C:\Users\Lyn\Banwa\server\handlers\staff\finance\finance_handler.php(78): PDO->query('\r\n            S...')
#1 {main}
  thrown in C:\Users\Lyn\Banwa\server\handlers\staff\finance\finance_handler.php on line 78
[03-Mar-2026 16:50:26 UTC] PHP Fatal error:  Uncaught PDOException: SQLSTATE[42703]: Undefined column: 7 ERROR:  column "requirement_upload_json" does not exist
LINE 14:                 requirement_upload_json AS requirement_uploa...
                         ^ in C:\Users\Lyn\Banwa\server\handlers\staff\finance\finance_handler.php:78
Stack trace:
#0 C:\Users\Lyn\Banwa\server\handlers\staff\finance\finance_handler.php(78): PDO->query('\r\n            S...')
#1 {main}
  thrown in C:\Users\Lyn\Banwa\server\handlers\staff\finance\finance_handler.php on line 78
[03-Mar-2026 16:50:40 UTC] PHP Fatal error:  Uncaught PDOException: SQLSTATE[42703]: Undefined column: 7 ERROR:  column "requirement_upload_json" does not exist
LINE 14:                 requirement_upload_json AS requirement_uploa...
                         ^ in C:\Users\Lyn\Banwa\server\handlers\staff\finance\finance_handler.php:78
Stack trace:
#0 C:\Users\Lyn\Banwa\server\handlers\staff\finance\finance_handler.php(78): PDO->query('\r\n            S...')
#1 {main}
  thrown in C:\Users\Lyn\Banwa\server\handlers\staff\finance\finance_handler.php on line 78
[03-Mar-2026 16:50:57 UTC] PHP Fatal error:  Uncaught PDOException: SQLSTATE[42703]: Undefined column: 7 ERROR:  column "requirement_upload_json" does not exist
LINE 14:                 requirement_upload_json AS requirement_uploa...
                         ^ in C:\Users\Lyn\Banwa\server\handlers\staff\finance\finance_handler.php:78
Stack trace:
#0 C:\Users\Lyn\Banwa\server\handlers\staff\finance\finance_handler.php(78): PDO->query('\r\n            S...')
#1 {main}
  thrown in C:\Users\Lyn\Banwa\server\handlers\staff\finance\finance_handler.php on line 78
[03-Mar-2026 16:51:09 UTC] PHP Fatal error:  Uncaught PDOException: SQLSTATE[42703]: Undefined column: 7 ERROR:  column "requirement_upload_json" does not exist
LINE 14:                 requirement_upload_json AS requirement_uploa...
                         ^ in C:\Users\Lyn\Banwa\server\handlers\staff\finance\finance_handler.php:78
Stack trace:
#0 C:\Users\Lyn\Banwa\server\handlers\staff\finance\finance_handler.php(78): PDO->query('\r\n            S...')
#1 {main}
  thrown in C:\Users\Lyn\Banwa\server\handlers\staff\finance\finance_handler.php on line 78
[03-Mar-2026 16:51:25 UTC] PHP Fatal error:  Uncaught PDOException: SQLSTATE[42703]: Undefined column: 7 ERROR:  column "requirement_upload_json" does not exist
LINE 14:                 requirement_upload_json AS requirement_uploa...
                         ^ in C:\Users\Lyn\Banwa\server\handlers\staff\finance\finance_handler.php:78
Stack trace:
#0 C:\Users\Lyn\Banwa\server\handlers\staff\finance\finance_handler.php(78): PDO->query('\r\n            S...')
#1 {main}
  thrown in C:\Users\Lyn\Banwa\server\handlers\staff\finance\finance_handler.php on line 78
[03-Mar-2026 16:51:31 UTC] PHP Fatal error:  Uncaught PDOException: SQLSTATE[42703]: Undefined column: 7 ERROR:  column "requirement_upload_json" does not exist
LINE 14:                 requirement_upload_json AS requirement_uploa...
                         ^ in C:\Users\Lyn\Banwa\server\handlers\staff\finance\finance_handler.php:78
Stack trace:
#0 C:\Users\Lyn\Banwa\server\handlers\staff\finance\finance_handler.php(78): PDO->query('\r\n            S...')
#1 {main}
  thrown in C:\Users\Lyn\Banwa\server\handlers\staff\finance\finance_handler.php on line 78
[03-Mar-2026 16:51:40 UTC] PHP Fatal error:  Uncaught PDOException: SQLSTATE[42703]: Undefined column: 7 ERROR:  column "requirement_upload_json" does not exist
LINE 14:                 requirement_upload_json AS requirement_uploa...
                         ^ in C:\Users\Lyn\Banwa\server\handlers\staff\finance\finance_handler.php:78
Stack trace:
#0 C:\Users\Lyn\Banwa\server\handlers\staff\finance\finance_handler.php(78): PDO->query('\r\n            S...')
#1 {main}
  thrown in C:\Users\Lyn\Banwa\server\handlers\staff\finance\finance_handler.php on line 78
[03-Mar-2026 16:51:46 UTC] PHP Fatal error:  Uncaught PDOException: SQLSTATE[42703]: Undefined column: 7 ERROR:  column "requirement_upload_json" does not exist
LINE 14:                 requirement_upload_json AS requirement_uploa...
                         ^ in C:\Users\Lyn\Banwa\server\handlers\staff\finance\finance_handler.php:78
Stack trace:
#0 C:\Users\Lyn\Banwa\server\handlers\staff\finance\finance_handler.php(78): PDO->query('\r\n            S...')
#1 {main}
  thrown in C:\Users\Lyn\Banwa\server\handlers\staff\finance\finance_handler.php on line 78
[03-Mar-2026 16:51:52 UTC] PHP Fatal error:  Uncaught PDOException: SQLSTATE[42703]: Undefined column: 7 ERROR:  column "requirement_upload_json" does not exist
LINE 14:                 requirement_upload_json AS requirement_uploa...
                         ^ in C:\Users\Lyn\Banwa\server\handlers\staff\finance\finance_handler.php:78
Stack trace:
#0 C:\Users\Lyn\Banwa\server\handlers\staff\finance\finance_handler.php(78): PDO->query('\r\n            S...')
#1 {main}
  thrown in C:\Users\Lyn\Banwa\server\handlers\staff\finance\finance_handler.php on line 78
[03-Mar-2026 16:52:47 UTC] PHP Fatal error:  Uncaught PDOException: SQLSTATE[42703]: Undefined column: 7 ERROR:  column "requirement_upload_json" does not exist
LINE 14:                 requirement_upload_json AS requirement_uploa...
                         ^ in C:\Users\Lyn\Banwa\server\handlers\staff\finance\finance_handler.php:78
Stack trace:
#0 C:\Users\Lyn\Banwa\server\handlers\staff\finance\finance_handler.php(78): PDO->query('\r\n            S...')
#1 {main}
  thrown in C:\Users\Lyn\Banwa\server\handlers\staff\finance\finance_handler.php on line 78
[03-Mar-2026 16:52:53 UTC] PHP Fatal error:  Uncaught PDOException: SQLSTATE[42703]: Undefined column: 7 ERROR:  column "requirement_upload_json" does not exist
LINE 14:                 requirement_upload_json AS requirement_uploa...
                         ^ in C:\Users\Lyn\Banwa\server\handlers\staff\finance\finance_handler.php:78
Stack trace:
#0 C:\Users\Lyn\Banwa\server\handlers\staff\finance\finance_handler.php(78): PDO->query('\r\n            S...')
#1 {main}
  thrown in C:\Users\Lyn\Banwa\server\handlers\staff\finance\finance_handler.php on line 78
[03-Mar-2026 16:53:23 UTC] PHP Fatal error:  Uncaught PDOException: SQLSTATE[42703]: Undefined column: 7 ERROR:  column "requirement_upload_json" does not exist
LINE 14:                 requirement_upload_json AS requirement_uploa...
                         ^ in C:\Users\Lyn\Banwa\server\handlers\staff\finance\finance_handler.php:78
Stack trace:
#0 C:\Users\Lyn\Banwa\server\handlers\staff\finance\finance_handler.php(78): PDO->query('\r\n            S...')
#1 {main}
  thrown in C:\Users\Lyn\Banwa\server\handlers\staff\finance\finance_handler.php on line 78
[03-Mar-2026 16:53:53 UTC] PHP Fatal error:  Uncaught PDOException: SQLSTATE[42703]: Undefined column: 7 ERROR:  column "requirement_upload_json" does not exist
LINE 14:                 requirement_upload_json AS requirement_uploa...
                         ^ in C:\Users\Lyn\Banwa\server\handlers\staff\finance\finance_handler.php:78
Stack trace:
#0 C:\Users\Lyn\Banwa\server\handlers\staff\finance\finance_handler.php(78): PDO->query('\r\n            S...')
#1 {main}
  thrown in C:\Users\Lyn\Banwa\server\handlers\staff\finance\finance_handler.php on line 78
[03-Mar-2026 16:54:23 UTC] PHP Fatal error:  Uncaught PDOException: SQLSTATE[42703]: Undefined column: 7 ERROR:  column "requirement_upload_json" does not exist
LINE 14:                 requirement_upload_json AS requirement_uploa...
                         ^ in C:\Users\Lyn\Banwa\server\handlers\staff\finance\finance_handler.php:78
Stack trace:
#0 C:\Users\Lyn\Banwa\server\handlers\staff\finance\finance_handler.php(78): PDO->query('\r\n            S...')
#1 {main}
  thrown in C:\Users\Lyn\Banwa\server\handlers\staff\finance\finance_handler.php on line 78
[03-Mar-2026 16:54:53 UTC] PHP Fatal error:  Uncaught PDOException: SQLSTATE[42703]: Undefined column: 7 ERROR:  column "requirement_upload_json" does not exist
LINE 14:                 requirement_upload_json AS requirement_uploa...
                         ^ in C:\Users\Lyn\Banwa\server\handlers\staff\finance\finance_handler.php:78
Stack trace:
#0 C:\Users\Lyn\Banwa\server\handlers\staff\finance\finance_handler.php(78): PDO->query('\r\n            S...')
#1 {main}
  thrown in C:\Users\Lyn\Banwa\server\handlers\staff\finance\finance_handler.php on line 78
[03-Mar-2026 16:55:07 UTC] PHP Fatal error:  Uncaught PDOException: SQLSTATE[42703]: Undefined column: 7 ERROR:  column "requirement_upload_json" does not exist
LINE 14:                 requirement_upload_json AS requirement_uploa...
                         ^ in C:\Users\Lyn\Banwa\server\handlers\staff\finance\finance_handler.php:78
Stack trace:
#0 C:\Users\Lyn\Banwa\server\handlers\staff\finance\finance_handler.php(78): PDO->query('\r\n            S...')
#1 {main}
  thrown in C:\Users\Lyn\Banwa\server\handlers\staff\finance\finance_handler.php on line 78
[03-Mar-2026 16:55:07 UTC] PHP Fatal error:  Uncaught PDOException: SQLSTATE[42703]: Undefined column: 7 ERROR:  column "requirement_upload_json" does not exist
LINE 14:                 requirement_upload_json AS requirement_uploa...
                         ^ in C:\Users\Lyn\Banwa\server\handlers\staff\finance\finance_handler.php:78
Stack trace:
#0 C:\Users\Lyn\Banwa\server\handlers\staff\finance\finance_handler.php(78): PDO->query('\r\n            S...')
#1 {main}
  thrown in C:\Users\Lyn\Banwa\server\handlers\staff\finance\finance_handler.php on line 78
[03-Mar-2026 16:55:08 UTC] PHP Fatal error:  Uncaught PDOException: SQLSTATE[42703]: Undefined column: 7 ERROR:  column "requirement_upload_json" does not exist
LINE 14:                 requirement_upload_json AS requirement_uploa...
                         ^ in C:\Users\Lyn\Banwa\server\handlers\staff\finance\finance_handler.php:78
Stack trace:
#0 C:\Users\Lyn\Banwa\server\handlers\staff\finance\finance_handler.php(78): PDO->query('\r\n            S...')
#1 {main}
  thrown in C:\Users\Lyn\Banwa\server\handlers\staff\finance\finance_handler.php on line 78
[03-Mar-2026 16:55:30 UTC] PHP Fatal error:  Uncaught PDOException: SQLSTATE[42703]: Undefined column: 7 ERROR:  column "requirement_upload_json" does not exist
LINE 14:                 requirement_upload_json AS requirement_uploa...
                         ^ in C:\Users\Lyn\Banwa\server\handlers\staff\finance\finance_handler.php:78
Stack trace:
#0 C:\Users\Lyn\Banwa\server\handlers\staff\finance\finance_handler.php(78): PDO->query('\r\n            S...')
#1 {main}
  thrown in C:\Users\Lyn\Banwa\server\handlers\staff\finance\finance_handler.php on line 78
[03-Mar-2026 16:55:38 UTC] PHP Fatal error:  Uncaught PDOException: SQLSTATE[42703]: Undefined column: 7 ERROR:  column "requirement_upload_json" does not exist
LINE 14:                 requirement_upload_json AS requirement_uploa...
                         ^ in C:\Users\Lyn\Banwa\server\handlers\staff\finance\finance_handler.php:78
Stack trace:
#0 C:\Users\Lyn\Banwa\server\handlers\staff\finance\finance_handler.php(78): PDO->query('\r\n            S...')
#1 {main}
  thrown in C:\Users\Lyn\Banwa\server\handlers\staff\finance\finance_handler.php on line 78
[03-Mar-2026 17:05:30 UTC] PHP Fatal error:  Uncaught PDOException: SQLSTATE[42703]: Undefined column: 7 ERROR:  column "requirement_upload_json" does not exist
LINE 14:                 requirement_upload_json AS requirement_uploa...
                         ^ in C:\Users\Lyn\Banwa\server\handlers\staff\finance\finance_handler.php:80
Stack trace:
#0 C:\Users\Lyn\Banwa\server\handlers\staff\finance\finance_handler.php(80): PDO->query('\r\n            S...')
#1 {main}
  thrown in C:\Users\Lyn\Banwa\server\handlers\staff\finance\finance_handler.php on line 80
[03-Mar-2026 17:05:39 UTC] PHP Fatal error:  Uncaught PDOException: SQLSTATE[42703]: Undefined column: 7 ERROR:  column "requirement_upload_json" does not exist
LINE 14:                 requirement_upload_json AS requirement_uploa...
                         ^ in C:\Users\Lyn\Banwa\server\handlers\staff\finance\finance_handler.php:80
Stack trace:
#0 C:\Users\Lyn\Banwa\server\handlers\staff\finance\finance_handler.php(80): PDO->query('\r\n            S...')
#1 {main}
  thrown in C:\Users\Lyn\Banwa\server\handlers\staff\finance\finance_handler.php on line 80
[03-Mar-2026 17:06:00 UTC] PHP Fatal error:  Uncaught PDOException: SQLSTATE[42703]: Undefined column: 7 ERROR:  column "requirement_upload_json" does not exist
LINE 14:                 requirement_upload_json AS requirement_uploa...
                         ^ in C:\Users\Lyn\Banwa\server\handlers\staff\finance\finance_handler.php:80
Stack trace:
#0 C:\Users\Lyn\Banwa\server\handlers\staff\finance\finance_handler.php(80): PDO->query('\r\n            S...')
#1 {main}
  thrown in C:\Users\Lyn\Banwa\server\handlers\staff\finance\finance_handler.php on line 80
[03-Mar-2026 17:06:30 UTC] PHP Fatal error:  Uncaught PDOException: SQLSTATE[42703]: Undefined column: 7 ERROR:  column "requirement_upload_json" does not exist
LINE 14:                 requirement_upload_json AS requirement_uploa...
                         ^ in C:\Users\Lyn\Banwa\server\handlers\staff\finance\finance_handler.php:80
Stack trace:
#0 C:\Users\Lyn\Banwa\server\handlers\staff\finance\finance_handler.php(80): PDO->query('\r\n            S...')
#1 {main}
  thrown in C:\Users\Lyn\Banwa\server\handlers\staff\finance\finance_handler.php on line 80
[03-Mar-2026 17:07:00 UTC] PHP Fatal error:  Uncaught PDOException: SQLSTATE[42703]: Undefined column: 7 ERROR:  column "requirement_upload_json" does not exist
LINE 14:                 requirement_upload_json AS requirement_uploa...
                         ^ in C:\Users\Lyn\Banwa\server\handlers\staff\finance\finance_handler.php:80
Stack trace:
#0 C:\Users\Lyn\Banwa\server\handlers\staff\finance\finance_handler.php(80): PDO->query('\r\n            S...')
#1 {main}
  thrown in C:\Users\Lyn\Banwa\server\handlers\staff\finance\finance_handler.php on line 80
[03-Mar-2026 17:07:30 UTC] PHP Fatal error:  Uncaught PDOException: SQLSTATE[42703]: Undefined column: 7 ERROR:  column "requirement_upload_json" does not exist
LINE 14:                 requirement_upload_json AS requirement_uploa...
                         ^ in C:\Users\Lyn\Banwa\server\handlers\staff\finance\finance_handler.php:80
Stack trace:
#0 C:\Users\Lyn\Banwa\server\handlers\staff\finance\finance_handler.php(80): PDO->query('\r\n            S...')
#1 {main}
  thrown in C:\Users\Lyn\Banwa\server\handlers\staff\finance\finance_handler.php on line 80
[03-Mar-2026 17:08:00 UTC] PHP Fatal error:  Uncaught PDOException: SQLSTATE[42703]: Undefined column: 7 ERROR:  column "requirement_upload_json" does not exist
LINE 14:                 requirement_upload_json AS requirement_uploa...
                         ^ in C:\Users\Lyn\Banwa\server\handlers\staff\finance\finance_handler.php:80
Stack trace:
#0 C:\Users\Lyn\Banwa\server\handlers\staff\finance\finance_handler.php(80): PDO->query('\r\n            S...')
#1 {main}
  thrown in C:\Users\Lyn\Banwa\server\handlers\staff\finance\finance_handler.php on line 80
[03-Mar-2026 17:08:30 UTC] PHP Fatal error:  Uncaught PDOException: SQLSTATE[42703]: Undefined column: 7 ERROR:  column "requirement_upload_json" does not exist
LINE 14:                 requirement_upload_json AS requirement_uploa...
                         ^ in C:\Users\Lyn\Banwa\server\handlers\staff\finance\finance_handler.php:80
Stack trace:
#0 C:\Users\Lyn\Banwa\server\handlers\staff\finance\finance_handler.php(80): PDO->query('\r\n            S...')
#1 {main}
  thrown in C:\Users\Lyn\Banwa\server\handlers\staff\finance\finance_handler.php on line 80
[03-Mar-2026 17:09:00 UTC] PHP Fatal error:  Uncaught PDOException: SQLSTATE[42703]: Undefined column: 7 ERROR:  column "requirement_upload_json" does not exist
LINE 14:                 requirement_upload_json AS requirement_uploa...
                         ^ in C:\Users\Lyn\Banwa\server\handlers\staff\finance\finance_handler.php:80
Stack trace:
#0 C:\Users\Lyn\Banwa\server\handlers\staff\finance\finance_handler.php(80): PDO->query('\r\n            S...')
#1 {main}
  thrown in C:\Users\Lyn\Banwa\server\handlers\staff\finance\finance_handler.php on line 80
[03-Mar-2026 17:09:30 UTC] PHP Fatal error:  Uncaught PDOException: SQLSTATE[42703]: Undefined column: 7 ERROR:  column "requirement_upload_json" does not exist
LINE 14:                 requirement_upload_json AS requirement_uploa...
                         ^ in C:\Users\Lyn\Banwa\server\handlers\staff\finance\finance_handler.php:80
Stack trace:
#0 C:\Users\Lyn\Banwa\server\handlers\staff\finance\finance_handler.php(80): PDO->query('\r\n            S...')
#1 {main}
  thrown in C:\Users\Lyn\Banwa\server\handlers\staff\finance\finance_handler.php on line 80
[03-Mar-2026 17:10:00 UTC] PHP Fatal error:  Uncaught PDOException: SQLSTATE[42703]: Undefined column: 7 ERROR:  column "requirement_upload_json" does not exist
LINE 14:                 requirement_upload_json AS requirement_uploa...
                         ^ in C:\Users\Lyn\Banwa\server\handlers\staff\finance\finance_handler.php:80
Stack trace:
#0 C:\Users\Lyn\Banwa\server\handlers\staff\finance\finance_handler.php(80): PDO->query('\r\n            S...')
#1 {main}
  thrown in C:\Users\Lyn\Banwa\server\handlers\staff\finance\finance_handler.php on line 80
[03-Mar-2026 17:10:49 UTC] PHP Fatal error:  Uncaught PDOException: SQLSTATE[42703]: Undefined column: 7 ERROR:  column "requirement_upload_json" does not exist
LINE 14:                 requirement_upload_json AS requirement_uploa...
                         ^ in C:\Users\Lyn\Banwa\server\handlers\staff\finance\finance_handler.php:80
Stack trace:
#0 C:\Users\Lyn\Banwa\server\handlers\staff\finance\finance_handler.php(80): PDO->query('\r\n            S...')
#1 {main}
  thrown in C:\Users\Lyn\Banwa\server\handlers\staff\finance\finance_handler.php on line 80
[03-Mar-2026 17:11:00 UTC] PHP Fatal error:  Uncaught PDOException: SQLSTATE[42703]: Undefined column: 7 ERROR:  column "requirement_upload_json" does not exist
LINE 14:                 requirement_upload_json AS requirement_uploa...
                         ^ in C:\Users\Lyn\Banwa\server\handlers\staff\finance\finance_handler.php:80
Stack trace:
#0 C:\Users\Lyn\Banwa\server\handlers\staff\finance\finance_handler.php(80): PDO->query('\r\n            S...')
#1 {main}
  thrown in C:\Users\Lyn\Banwa\server\handlers\staff\finance\finance_handler.php on line 80
[03-Mar-2026 17:11:30 UTC] PHP Fatal error:  Uncaught PDOException: SQLSTATE[42703]: Undefined column: 7 ERROR:  column "requirement_upload_json" does not exist
LINE 14:                 requirement_upload_json AS requirement_uploa...
                         ^ in C:\Users\Lyn\Banwa\server\handlers\staff\finance\finance_handler.php:80
Stack trace:
#0 C:\Users\Lyn\Banwa\server\handlers\staff\finance\finance_handler.php(80): PDO->query('\r\n            S...')
#1 {main}
  thrown in C:\Users\Lyn\Banwa\server\handlers\staff\finance\finance_handler.php on line 80
[03-Mar-2026 17:12:14 UTC] PHP Fatal error:  Uncaught PDOException: SQLSTATE[42703]: Undefined column: 7 ERROR:  column "requirement_upload_json" does not exist
LINE 14:                 requirement_upload_json AS requirement_uploa...
                         ^ in C:\Users\Lyn\Banwa\server\handlers\staff\finance\finance_handler.php:80
Stack trace:
#0 C:\Users\Lyn\Banwa\server\handlers\staff\finance\finance_handler.php(80): PDO->query('\r\n            S...')
#1 {main}
  thrown in C:\Users\Lyn\Banwa\server\handlers\staff\finance\finance_handler.php on line 80
[03-Mar-2026 17:13:14 UTC] PDOException [action=fetch_pending]: SQLSTATE[42703]: Undefined column: 7 ERROR:  column "requirement_upload_json" does not exist
LINE 6:                     requirement_upload_json AS requirement_u...
                            ^
[03-Mar-2026 17:14:14 UTC] PDOException [action=fetch_pending]: SQLSTATE[42703]: Undefined column: 7 ERROR:  column "requirement_upload_json" does not exist
LINE 6:                     requirement_upload_json AS requirement_u...
                            ^
[03-Mar-2026 17:15:14 UTC] PDOException [action=fetch_pending]: SQLSTATE[42703]: Undefined column: 7 ERROR:  column "requirement_upload_json" does not exist
LINE 6:                     requirement_upload_json AS requirement_u...
                            ^
[03-Mar-2026 17:16:00 UTC] PDOException [action=fetch_pending]: SQLSTATE[42703]: Undefined column: 7 ERROR:  column "requirement_upload_json" does not exist
LINE 14:                     requirement_upload_json AS requirement_u...
                             ^
[03-Mar-2026 17:16:01 UTC] PDOException [action=fetch_pending]: SQLSTATE[42703]: Undefined column: 7 ERROR:  column "requirement_upload_json" does not exist
LINE 14:                     requirement_upload_json AS requirement_u...
                             ^
[03-Mar-2026 17:16:18 UTC] PDOException [action=fetch_pending]: SQLSTATE[42703]: Undefined column: 7 ERROR:  column "requirement_upload_json" does not exist
LINE 14:                     requirement_upload_json AS requirement_u...
                             ^
[03-Mar-2026 17:16:31 UTC] PDOException [action=fetch_pending]: SQLSTATE[42703]: Undefined column: 7 ERROR:  column "requirement_upload_json" does not exist
LINE 14:                     requirement_upload_json AS requirement_u...
                             ^
[03-Mar-2026 17:17:01 UTC] PDOException [action=fetch_pending]: SQLSTATE[42703]: Undefined column: 7 ERROR:  column "requirement_upload_json" does not exist
LINE 14:                     requirement_upload_json AS requirement_u...
                             ^
[03-Mar-2026 17:17:31 UTC] PDOException [action=fetch_pending]: SQLSTATE[42703]: Undefined column: 7 ERROR:  column "requirement_upload_json" does not exist
LINE 14:                     requirement_upload_json AS requirement_u...
                             ^
[03-Mar-2026 17:18:01 UTC] PDOException [action=fetch_pending]: SQLSTATE[42703]: Undefined column: 7 ERROR:  column "requirement_upload_json" does not exist
LINE 14:                     requirement_upload_json AS requirement_u...
                             ^
[03-Mar-2026 17:18:31 UTC] PDOException [action=fetch_pending]: SQLSTATE[42703]: Undefined column: 7 ERROR:  column "requirement_upload_json" does not exist
LINE 14:                     requirement_upload_json AS requirement_u...
                             ^
[03-Mar-2026 17:19:01 UTC] PDOException [action=fetch_pending]: SQLSTATE[42703]: Undefined column: 7 ERROR:  column "requirement_upload_json" does not exist
LINE 14:                     requirement_upload_json AS requirement_u...
                             ^
[03-Mar-2026 17:19:31 UTC] PDOException [action=fetch_pending]: SQLSTATE[42703]: Undefined column: 7 ERROR:  column "requirement_upload_json" does not exist
LINE 14:                     requirement_upload_json AS requirement_u...
                             ^
[24-Mar-2026 12:39:43 UTC] PHP Deprecated:  Function curl_close() is deprecated since 8.5, as it has no effect since PHP 8.0 in C:\Users\jeffm\Desktop\Banwa\server\services\broadcast.php on line 21
[24-Mar-2026 16:34:55 UTC] PHP Deprecated:  Function curl_close() is deprecated since 8.5, as it has no effect since PHP 8.0 in C:\Users\jeffm\Desktop\Banwa\server\services\broadcast.php on line 21
[24-Mar-2026 16:44:04 UTC] PHP Deprecated:  Function curl_close() is deprecated since 8.5, as it has no effect since PHP 8.0 in C:\Users\jeffm\Desktop\Banwa\server\services\broadcast.php on line 21
[24-Mar-2026 16:55:42 UTC] PHP Deprecated:  Function curl_close() is deprecated since 8.5, as it has no effect since PHP 8.0 in C:\Users\jeffm\Desktop\Banwa\server\services\broadcast.php on line 21
[25-Mar-2026 11:15:46 UTC] PHP Deprecated:  Function curl_close() is deprecated since 8.5, as it has no effect since PHP 8.0 in C:\Users\jeffm\Desktop\Banwa\server\services\broadcast.php on line 21
[25-Mar-2026 11:15:46 UTC] PHP Deprecated:  Function curl_close() is deprecated since 8.5, as it has no effect since PHP 8.0 in C:\Users\jeffm\Desktop\Banwa\server\services\broadcast.php on line 21
[25-Mar-2026 11:23:15 UTC] PHP Deprecated:  Function curl_close() is deprecated since 8.5, as it has no effect since PHP 8.0 in C:\Users\jeffm\Desktop\Banwa\server\services\broadcast.php on line 21
[25-Mar-2026 11:23:15 UTC] PHP Deprecated:  Function curl_close() is deprecated since 8.5, as it has no effect since PHP 8.0 in C:\Users\jeffm\Desktop\Banwa\server\services\broadcast.php on line 21
[20-Apr-2026 12:45:02 UTC] PHP Deprecated:  Function curl_close() is deprecated since 8.5, as it has no effect since PHP 8.0 in C:\Users\jeffm\Desktop\Banwa\server\services\broadcast.php on line 21
[20-Apr-2026 12:45:02 UTC] PHP Deprecated:  Function curl_close() is deprecated since 8.5, as it has no effect since PHP 8.0 in C:\Users\jeffm\Desktop\Banwa\server\services\broadcast.php on line 21
[20-Apr-2026 12:45:02 UTC] PHP Deprecated:  Function curl_close() is deprecated since 8.5, as it has no effect since PHP 8.0 in C:\Users\jeffm\Desktop\Banwa\server\services\broadcast.php on line 21
[20-Apr-2026 12:54:07 UTC] PHP Deprecated:  Function curl_close() is deprecated since 8.5, as it has no effect since PHP 8.0 in C:\Users\jeffm\Desktop\Banwa\server\services\broadcast.php on line 21
[20-Apr-2026 12:54:07 UTC] PHP Deprecated:  Function curl_close() is deprecated since 8.5, as it has no effect since PHP 8.0 in C:\Users\jeffm\Desktop\Banwa\server\services\broadcast.php on line 21
[20-Apr-2026 12:54:07 UTC] PHP Deprecated:  Function curl_close() is deprecated since 8.5, as it has no effect since PHP 8.0 in C:\Users\jeffm\Desktop\Banwa\server\services\broadcast.php on line 21
