[31-Jan-2026 10:13:05 UTC] Failed to log status update: SQLSTATE[42P01]: Undefined table: 7 ERROR:  relation "business_status_history" does not exist
LINE 1: INSERT INTO business_status_history 
                    ^
[31-Jan-2026 10:33:45 UTC] Failed to log status update: SQLSTATE[42P01]: Undefined table: 7 ERROR:  relation "business_status_history" does not exist
LINE 1: INSERT INTO business_status_history 
                    ^
[31-Jan-2026 10:34:25 UTC] Failed to log status update: SQLSTATE[42P01]: Undefined table: 7 ERROR:  relation "business_status_history" does not exist
LINE 1: INSERT INTO business_status_history 
                    ^
[01-Feb-2026 12:21:35 UTC] Failed to log status update: SQLSTATE[42P01]: Undefined table: 7 ERROR:  relation "business_status_history" does not exist
LINE 1: INSERT INTO business_status_history 
                    ^
[01-Feb-2026 12:21:49 UTC] R1 Check - Required: []
[01-Feb-2026 12:21:49 UTC] R1 Check - Submitted: ["[\"Previous Business Permit\"]"]
[01-Feb-2026 12:21:49 UTC] R1 Check - Missing: []
[01-Feb-2026 12:21:49 UTC] R1 Check - Required: []
[01-Feb-2026 12:21:49 UTC] R1 Check - Submitted: ["[\"Previous Business Permit\"]"]
[01-Feb-2026 12:21:49 UTC] R1 Check - Missing: []
[01-Feb-2026 12:39:26 UTC] Failed to log status update: SQLSTATE[42P01]: Undefined table: 7 ERROR:  relation "business_status_history" does not exist
LINE 1: INSERT INTO business_status_history 
                    ^
[01-Feb-2026 12:40:49 UTC] R1 Check - Required: []
[01-Feb-2026 12:40:49 UTC] R1 Check - Submitted: ["[\"[\\\"Previous Business Permit\\\"]\"]"]
[01-Feb-2026 12:40:49 UTC] R1 Check - Missing: []
[01-Feb-2026 12:40:49 UTC] R1 Check - Required: []
[01-Feb-2026 12:40:49 UTC] R1 Check - Submitted: ["[\"[\\\"Previous Business Permit\\\"]\"]"]
[01-Feb-2026 12:40:49 UTC] R1 Check - Missing: []
[01-Feb-2026 12:45:02 UTC] Failed to log status update: SQLSTATE[42P01]: Undefined table: 7 ERROR:  relation "business_status_history" does not exist
LINE 1: INSERT INTO business_status_history 
                    ^
[01-Feb-2026 12:45:18 UTC] R1 Check - Required: []
[01-Feb-2026 12:45:18 UTC] R1 Check - Submitted: ["[\"[\\\"[\\\\\\\"Previous Business Permit\\\\\\\"]\\\"]\"]"]
[01-Feb-2026 12:45:18 UTC] R1 Check - Missing: []
[01-Feb-2026 12:45:18 UTC] R1 Check - Required: []
[01-Feb-2026 12:45:18 UTC] R1 Check - Submitted: ["[\"[\\\"[\\\\\\\"Previous Business Permit\\\\\\\"]\\\"]\"]"]
[01-Feb-2026 12:45:18 UTC] R1 Check - Missing: []
[01-Feb-2026 13:15:01 UTC] Failed to log status update: SQLSTATE[42P01]: Undefined table: 7 ERROR:  relation "business_status_history" does not exist
LINE 1: INSERT INTO business_status_history 
                    ^
[01-Feb-2026 13:21:56 UTC] Failed to log status update: SQLSTATE[42P01]: Undefined table: 7 ERROR:  relation "business_status_history" does not exist
LINE 1: INSERT INTO business_status_history 
                    ^
[01-Feb-2026 13:47:38 UTC] R1 Check - Required: []
[01-Feb-2026 13:47:38 UTC] R1 Check - Submitted: ["[\"Previous Business Permit\"]"]
[01-Feb-2026 13:47:38 UTC] R1 Check - Missing: []
[01-Feb-2026 13:47:38 UTC] R1 Check - Required: []
[01-Feb-2026 13:47:38 UTC] R1 Check - Submitted: ["[\"Previous Business Permit\"]"]
[01-Feb-2026 13:47:38 UTC] R1 Check - Missing: []
[01-Feb-2026 13:49:14 UTC] Failed to log status update: SQLSTATE[42P01]: Undefined table: 7 ERROR:  relation "business_status_history" does not exist
LINE 1: INSERT INTO business_status_history 
                    ^
[01-Feb-2026 13:49:31 UTC] R1 Check - Required: []
[01-Feb-2026 13:49:31 UTC] R1 Check - Submitted: ["[\"Previous Business Permit\"]"]
[01-Feb-2026 13:49:31 UTC] R1 Check - Missing: []
[01-Feb-2026 13:49:31 UTC] R1 Check - Required: []
[01-Feb-2026 13:49:31 UTC] R1 Check - Submitted: ["[\"Previous Business Permit\"]"]
[01-Feb-2026 13:49:31 UTC] R1 Check - Missing: []
[01-Feb-2026 13:57:28 UTC] Failed to log status update: SQLSTATE[42P01]: Undefined table: 7 ERROR:  relation "business_status_history" does not exist
LINE 1: INSERT INTO business_status_history 
                    ^
[01-Feb-2026 15:20:32 UTC] Failed to log status update: SQLSTATE[42P01]: Undefined table: 7 ERROR:  relation "business_status_history" does not exist
LINE 1: INSERT INTO business_status_history 
                    ^
[01-Feb-2026 15:31:04 UTC] Failed to log status update: SQLSTATE[42P01]: Undefined table: 7 ERROR:  relation "business_status_history" does not exist
LINE 1: INSERT INTO business_status_history 
                    ^
[01-Feb-2026 15:33:21 UTC] Failed to log status update: SQLSTATE[42P01]: Undefined table: 7 ERROR:  relation "business_status_history" does not exist
LINE 1: INSERT INTO business_status_history 
                    ^
[01-Feb-2026 15:57:34 UTC] Failed to log status update: SQLSTATE[42P01]: Undefined table: 7 ERROR:  relation "business_status_history" does not exist
LINE 1: INSERT INTO business_status_history 
                    ^
[02-Feb-2026 06:16:06 UTC] R1 Check - Required: []
[02-Feb-2026 06:16:06 UTC] R1 Check - Submitted: ["SEC","DTI","TCT","Lease Contract"]
[02-Feb-2026 06:16:06 UTC] R1 Check - Missing: []
[02-Feb-2026 06:16:06 UTC] R1 Check - Required: []
[02-Feb-2026 06:16:06 UTC] R1 Check - Submitted: ["SEC","DTI","TCT","Lease Contract"]
[02-Feb-2026 06:16:06 UTC] R1 Check - Missing: []
[02-Feb-2026 07:53:00 UTC] Failed to log status update: SQLSTATE[42P01]: Undefined table: 7 ERROR:  relation "business_status_history" does not exist
LINE 1: INSERT INTO business_status_history 
                    ^
[02-Feb-2026 07:54:37 UTC] Failed to log status update: SQLSTATE[42P01]: Undefined table: 7 ERROR:  relation "business_status_history" does not exist
LINE 1: INSERT INTO business_status_history 
                    ^
[02-Feb-2026 07:55:20 UTC] Failed to log status update: SQLSTATE[42P01]: Undefined table: 7 ERROR:  relation "business_status_history" does not exist
LINE 1: INSERT INTO business_status_history 
                    ^
[02-Feb-2026 07:55:34 UTC] R1 Check - Required: []
[02-Feb-2026 07:55:34 UTC] R1 Check - Submitted: ["SEC","DTI","TCT","Lease Contract"]
[02-Feb-2026 07:55:34 UTC] R1 Check - Missing: []
[02-Feb-2026 07:55:34 UTC] R1 Check - Required: []
[02-Feb-2026 07:55:34 UTC] R1 Check - Submitted: ["SEC","DTI","TCT","Lease Contract"]
[02-Feb-2026 07:55:34 UTC] R1 Check - Missing: []
[02-Feb-2026 09:22:08 UTC] R1 Check - Required: []
[02-Feb-2026 09:22:08 UTC] R1 Check - Submitted: ["SEC","DTI"]
[02-Feb-2026 09:22:08 UTC] R1 Check - Missing: []
[02-Feb-2026 09:22:08 UTC] R1 Check - Required: []
[02-Feb-2026 09:22:08 UTC] R1 Check - Submitted: ["SEC","DTI"]
[02-Feb-2026 09:22:08 UTC] R1 Check - Missing: []
[04-Feb-2026 15:50:28 UTC] PHP Fatal error:  Cannot redeclare function handleChartBusinessType() (previously declared in C:\Users\rvmat\Banwa\server\handlers\staff\business\business_handler.php:1235) in C:\Users\rvmat\Banwa\server\services\staff\business\business_analytics.php on line 31
Stack trace:
#0 {main}
[04-Feb-2026 15:50:39 UTC] PHP Fatal error:  Cannot redeclare function handleChartBusinessType() (previously declared in C:\Users\rvmat\Banwa\server\handlers\staff\business\business_handler.php:1235) in C:\Users\rvmat\Banwa\server\services\staff\business\business_analytics.php on line 31
Stack trace:
#0 {main}
[04-Feb-2026 15:50:43 UTC] PHP Fatal error:  Cannot redeclare function handleChartBusinessType() (previously declared in C:\Users\rvmat\Banwa\server\handlers\staff\business\business_handler.php:1235) in C:\Users\rvmat\Banwa\server\services\staff\business\business_analytics.php on line 31
Stack trace:
#0 {main}
[04-Feb-2026 15:50:43 UTC] PHP Fatal error:  Cannot redeclare function handleChartBusinessType() (previously declared in C:\Users\rvmat\Banwa\server\handlers\staff\business\business_handler.php:1235) in C:\Users\rvmat\Banwa\server\services\staff\business\business_analytics.php on line 31
Stack trace:
#0 {main}
[04-Feb-2026 15:51:12 UTC] PHP Fatal error:  Cannot redeclare function handleChartBusinessType() (previously declared in C:\Users\rvmat\Banwa\server\handlers\staff\business\business_handler.php:1235) in C:\Users\rvmat\Banwa\server\services\staff\business\business_analytics.php on line 31
Stack trace:
#0 {main}
[04-Feb-2026 15:51:42 UTC] PHP Fatal error:  Cannot redeclare function handleChartBusinessType() (previously declared in C:\Users\rvmat\Banwa\server\handlers\staff\business\business_handler.php:1235) in C:\Users\rvmat\Banwa\server\services\staff\business\business_analytics.php on line 31
Stack trace:
#0 {main}
[04-Feb-2026 15:52:12 UTC] PHP Fatal error:  Cannot redeclare function handleChartBusinessType() (previously declared in C:\Users\rvmat\Banwa\server\handlers\staff\business\business_handler.php:1235) in C:\Users\rvmat\Banwa\server\services\staff\business\business_analytics.php on line 31
Stack trace:
#0 {main}
[04-Feb-2026 15:52:41 UTC] PHP Fatal error:  Cannot redeclare function handleChartBusinessType() (previously declared in C:\Users\rvmat\Banwa\server\handlers\staff\business\business_handler.php:1235) in C:\Users\rvmat\Banwa\server\services\staff\business\business_analytics.php on line 31
Stack trace:
#0 {main}
[04-Feb-2026 15:53:12 UTC] PHP Fatal error:  Cannot redeclare function handleChartBusinessType() (previously declared in C:\Users\rvmat\Banwa\server\handlers\staff\business\business_handler.php:1235) in C:\Users\rvmat\Banwa\server\services\staff\business\business_analytics.php on line 31
Stack trace:
#0 {main}
[04-Feb-2026 15:53:42 UTC] PHP Fatal error:  Cannot redeclare function handleChartBusinessType() (previously declared in C:\Users\rvmat\Banwa\server\handlers\staff\business\business_handler.php:1235) in C:\Users\rvmat\Banwa\server\services\staff\business\business_analytics.php on line 31
Stack trace:
#0 {main}
[04-Feb-2026 15:54:27 UTC] PHP Fatal error:  Cannot redeclare function handleChartBusinessType() (previously declared in C:\Users\rvmat\Banwa\server\handlers\staff\business\business_handler.php:1235) in C:\Users\rvmat\Banwa\server\services\staff\business\business_analytics.php on line 31
Stack trace:
#0 {main}
[04-Feb-2026 15:54:38 UTC] PHP Fatal error:  Cannot redeclare function handleChartBusinessType() (previously declared in C:\Users\rvmat\Banwa\server\handlers\staff\business\business_handler.php:1235) in C:\Users\rvmat\Banwa\server\services\staff\business\business_analytics.php on line 31
Stack trace:
#0 {main}
[04-Feb-2026 15:54:39 UTC] PHP Fatal error:  Cannot redeclare function handleChartBusinessType() (previously declared in C:\Users\rvmat\Banwa\server\handlers\staff\business\business_handler.php:1235) in C:\Users\rvmat\Banwa\server\services\staff\business\business_analytics.php on line 31
Stack trace:
#0 {main}
[04-Feb-2026 15:55:09 UTC] PHP Fatal error:  Cannot redeclare function handleChartBusinessType() (previously declared in C:\Users\rvmat\Banwa\server\handlers\staff\business\business_handler.php:1235) in C:\Users\rvmat\Banwa\server\services\staff\business\business_analytics.php on line 31
Stack trace:
#0 {main}
[04-Feb-2026 15:55:38 UTC] PHP Fatal error:  Cannot redeclare function handleChartBusinessType() (previously declared in C:\Users\rvmat\Banwa\server\handlers\staff\business\business_handler.php:1235) in C:\Users\rvmat\Banwa\server\services\staff\business\business_analytics.php on line 31
Stack trace:
#0 {main}
[04-Feb-2026 15:56:08 UTC] PHP Fatal error:  Cannot redeclare function handleChartBusinessType() (previously declared in C:\Users\rvmat\Banwa\server\handlers\staff\business\business_handler.php:1235) in C:\Users\rvmat\Banwa\server\services\staff\business\business_analytics.php on line 31
Stack trace:
#0 {main}
[04-Feb-2026 15:56:38 UTC] PHP Fatal error:  Cannot redeclare function handleChartBusinessType() (previously declared in C:\Users\rvmat\Banwa\server\handlers\staff\business\business_handler.php:1235) in C:\Users\rvmat\Banwa\server\services\staff\business\business_analytics.php on line 31
Stack trace:
#0 {main}
[04-Feb-2026 15:57:08 UTC] PHP Fatal error:  Cannot redeclare function handleChartBusinessType() (previously declared in C:\Users\rvmat\Banwa\server\handlers\staff\business\business_handler.php:1235) in C:\Users\rvmat\Banwa\server\services\staff\business\business_analytics.php on line 31
Stack trace:
#0 {main}
[04-Feb-2026 15:57:38 UTC] PHP Fatal error:  Cannot redeclare function handleChartBusinessType() (previously declared in C:\Users\rvmat\Banwa\server\handlers\staff\business\business_handler.php:1235) in C:\Users\rvmat\Banwa\server\services\staff\business\business_analytics.php on line 31
Stack trace:
#0 {main}
[04-Feb-2026 15:58:27 UTC] PHP Fatal error:  Cannot redeclare function handleChartBusinessType() (previously declared in C:\Users\rvmat\Banwa\server\handlers\staff\business\business_handler.php:1235) in C:\Users\rvmat\Banwa\server\services\staff\business\business_analytics.php on line 31
Stack trace:
#0 {main}
[04-Feb-2026 15:59:27 UTC] PHP Fatal error:  Cannot redeclare function handleChartBusinessType() (previously declared in C:\Users\rvmat\Banwa\server\handlers\staff\business\business_handler.php:1235) in C:\Users\rvmat\Banwa\server\services\staff\business\business_analytics.php on line 31
Stack trace:
#0 {main}
[04-Feb-2026 16:00:27 UTC] PHP Fatal error:  Cannot redeclare function handleChartBusinessType() (previously declared in C:\Users\rvmat\Banwa\server\handlers\staff\business\business_handler.php:1235) in C:\Users\rvmat\Banwa\server\services\staff\business\business_analytics.php on line 31
Stack trace:
#0 {main}
[04-Feb-2026 16:01:27 UTC] PHP Fatal error:  Cannot redeclare function handleChartBusinessType() (previously declared in C:\Users\rvmat\Banwa\server\handlers\staff\business\business_handler.php:1235) in C:\Users\rvmat\Banwa\server\services\staff\business\business_analytics.php on line 31
Stack trace:
#0 {main}
[04-Feb-2026 16:14:20 UTC] PHP Fatal error:  Cannot redeclare function handleChartBusinessType() (previously declared in C:\Users\rvmat\Banwa\server\handlers\staff\business\business_handler.php:1235) in C:\Users\rvmat\Banwa\server\services\staff\business\business_analytics.php on line 31
Stack trace:
#0 {main}
[04-Feb-2026 16:14:21 UTC] PHP Fatal error:  Cannot redeclare function handleChartBusinessType() (previously declared in C:\Users\rvmat\Banwa\server\handlers\staff\business\business_handler.php:1235) in C:\Users\rvmat\Banwa\server\services\staff\business\business_analytics.php on line 31
Stack trace:
#0 {main}
[04-Feb-2026 16:14:28 UTC] PHP Fatal error:  Cannot redeclare function handleChartBusinessType() (previously declared in C:\Users\rvmat\Banwa\server\handlers\staff\business\business_handler.php:1235) in C:\Users\rvmat\Banwa\server\services\staff\business\business_analytics.php on line 31
Stack trace:
#0 {main}
[04-Feb-2026 16:14:28 UTC] PHP Fatal error:  Cannot redeclare function handleChartBusinessType() (previously declared in C:\Users\rvmat\Banwa\server\handlers\staff\business\business_handler.php:1235) in C:\Users\rvmat\Banwa\server\services\staff\business\business_analytics.php on line 31
Stack trace:
#0 {main}
[04-Feb-2026 16:14:57 UTC] PHP Fatal error:  Cannot redeclare function handleChartBusinessType() (previously declared in C:\Users\rvmat\Banwa\server\handlers\staff\business\business_handler.php:1235) in C:\Users\rvmat\Banwa\server\services\staff\business\business_analytics.php on line 31
Stack trace:
#0 {main}
[04-Feb-2026 16:15:28 UTC] PHP Fatal error:  Cannot redeclare function handleChartBusinessType() (previously declared in C:\Users\rvmat\Banwa\server\handlers\staff\business\business_handler.php:1235) in C:\Users\rvmat\Banwa\server\services\staff\business\business_analytics.php on line 31
Stack trace:
#0 {main}
[04-Feb-2026 16:15:58 UTC] PHP Fatal error:  Cannot redeclare function handleChartBusinessType() (previously declared in C:\Users\rvmat\Banwa\server\handlers\staff\business\business_handler.php:1235) in C:\Users\rvmat\Banwa\server\services\staff\business\business_analytics.php on line 31
Stack trace:
#0 {main}
[04-Feb-2026 16:16:28 UTC] PHP Fatal error:  Cannot redeclare function handleChartBusinessType() (previously declared in C:\Users\rvmat\Banwa\server\handlers\staff\business\business_handler.php:1235) in C:\Users\rvmat\Banwa\server\services\staff\business\business_analytics.php on line 31
Stack trace:
#0 {main}
[04-Feb-2026 16:16:58 UTC] PHP Fatal error:  Cannot redeclare function handleChartBusinessType() (previously declared in C:\Users\rvmat\Banwa\server\handlers\staff\business\business_handler.php:1235) in C:\Users\rvmat\Banwa\server\services\staff\business\business_analytics.php on line 31
Stack trace:
#0 {main}
[04-Feb-2026 16:17:28 UTC] PHP Fatal error:  Cannot redeclare function handleChartBusinessType() (previously declared in C:\Users\rvmat\Banwa\server\handlers\staff\business\business_handler.php:1235) in C:\Users\rvmat\Banwa\server\services\staff\business\business_analytics.php on line 31
Stack trace:
#0 {main}
[04-Feb-2026 16:18:02 UTC] PHP Fatal error:  Cannot redeclare function handleChartBusinessType() (previously declared in C:\Users\rvmat\Banwa\server\handlers\staff\business\business_handler.php:1235) in C:\Users\rvmat\Banwa\server\services\staff\business\business_analytics.php on line 31
Stack trace:
#0 {main}
[04-Feb-2026 16:19:02 UTC] PHP Fatal error:  Cannot redeclare function handleChartBusinessType() (previously declared in C:\Users\rvmat\Banwa\server\handlers\staff\business\business_handler.php:1235) in C:\Users\rvmat\Banwa\server\services\staff\business\business_analytics.php on line 31
Stack trace:
#0 {main}
[04-Feb-2026 16:19:45 UTC] PHP Fatal error:  Cannot redeclare function handleChartBusinessType() (previously declared in C:\Users\rvmat\Banwa\server\handlers\staff\business\business_handler.php:1235) in C:\Users\rvmat\Banwa\server\services\staff\business\business_analytics.php on line 31
Stack trace:
#0 {main}
[04-Feb-2026 16:19:47 UTC] PHP Fatal error:  Cannot redeclare function handleChartBusinessType() (previously declared in C:\Users\rvmat\Banwa\server\handlers\staff\business\business_handler.php:1235) in C:\Users\rvmat\Banwa\server\services\staff\business\business_analytics.php on line 31
Stack trace:
#0 {main}
[04-Feb-2026 16:19:47 UTC] PHP Fatal error:  Cannot redeclare function handleChartBusinessType() (previously declared in C:\Users\rvmat\Banwa\server\handlers\staff\business\business_handler.php:1235) in C:\Users\rvmat\Banwa\server\services\staff\business\business_analytics.php on line 31
Stack trace:
#0 {main}
[04-Feb-2026 16:20:17 UTC] PHP Fatal error:  Cannot redeclare function handleChartBusinessType() (previously declared in C:\Users\rvmat\Banwa\server\handlers\staff\business\business_handler.php:1235) in C:\Users\rvmat\Banwa\server\services\staff\business\business_analytics.php on line 31
Stack trace:
#0 {main}
[04-Feb-2026 16:20:24 UTC] PHP Fatal error:  Cannot redeclare function handleChartBusinessType() (previously declared in C:\Users\rvmat\Banwa\server\handlers\staff\business\business_handler.php:1235) in C:\Users\rvmat\Banwa\server\services\staff\business\business_analytics.php on line 31
Stack trace:
#0 {main}
[04-Feb-2026 16:20:30 UTC] PHP Fatal error:  Cannot redeclare function handleChartBusinessType() (previously declared in C:\Users\rvmat\Banwa\server\handlers\staff\business\business_handler.php:1235) in C:\Users\rvmat\Banwa\server\services\staff\business\business_analytics.php on line 31
Stack trace:
#0 {main}
[04-Feb-2026 16:20:47 UTC] PHP Fatal error:  Cannot redeclare function handleChartBusinessType() (previously declared in C:\Users\rvmat\Banwa\server\handlers\staff\business\business_handler.php:1235) in C:\Users\rvmat\Banwa\server\services\staff\business\business_analytics.php on line 31
Stack trace:
#0 {main}
[04-Feb-2026 16:21:17 UTC] PHP Fatal error:  Cannot redeclare function handleChartBusinessType() (previously declared in C:\Users\rvmat\Banwa\server\handlers\staff\business\business_handler.php:1235) in C:\Users\rvmat\Banwa\server\services\staff\business\business_analytics.php on line 31
Stack trace:
#0 {main}
[04-Feb-2026 16:21:47 UTC] PHP Fatal error:  Cannot redeclare function handleChartBusinessType() (previously declared in C:\Users\rvmat\Banwa\server\handlers\staff\business\business_handler.php:1235) in C:\Users\rvmat\Banwa\server\services\staff\business\business_analytics.php on line 31
Stack trace:
#0 {main}
[04-Feb-2026 16:22:17 UTC] PHP Fatal error:  Cannot redeclare function handleChartBusinessType() (previously declared in C:\Users\rvmat\Banwa\server\handlers\staff\business\business_handler.php:1235) in C:\Users\rvmat\Banwa\server\services\staff\business\business_analytics.php on line 31
Stack trace:
#0 {main}
[04-Feb-2026 16:22:47 UTC] PHP Fatal error:  Cannot redeclare function handleChartBusinessType() (previously declared in C:\Users\rvmat\Banwa\server\handlers\staff\business\business_handler.php:1235) in C:\Users\rvmat\Banwa\server\services\staff\business\business_analytics.php on line 31
Stack trace:
#0 {main}
[04-Feb-2026 16:23:48 UTC] PHP Fatal error:  Cannot redeclare function handleChartBusinessType() (previously declared in C:\Users\rvmat\Banwa\server\handlers\staff\business\business_handler.php:1235) in C:\Users\rvmat\Banwa\server\services\staff\business\business_analytics.php on line 31
Stack trace:
#0 {main}
[04-Feb-2026 16:23:49 UTC] PHP Fatal error:  Cannot redeclare function handleChartBusinessType() (previously declared in C:\Users\rvmat\Banwa\server\handlers\staff\business\business_handler.php:1235) in C:\Users\rvmat\Banwa\server\services\staff\business\business_analytics.php on line 31
Stack trace:
#0 {main}
[04-Feb-2026 16:23:50 UTC] PHP Fatal error:  Cannot redeclare function handleChartBusinessType() (previously declared in C:\Users\rvmat\Banwa\server\handlers\staff\business\business_handler.php:1235) in C:\Users\rvmat\Banwa\server\services\staff\business\business_analytics.php on line 31
Stack trace:
#0 {main}
[04-Feb-2026 16:23:55 UTC] PHP Fatal error:  Cannot redeclare function handleChartBusinessType() (previously declared in C:\Users\rvmat\Banwa\server\handlers\staff\business\business_handler.php:1235) in C:\Users\rvmat\Banwa\server\services\staff\business\business_analytics.php on line 31
Stack trace:
#0 {main}
[04-Feb-2026 16:24:19 UTC] PHP Fatal error:  Cannot redeclare function handleChartBusinessType() (previously declared in C:\Users\rvmat\Banwa\server\handlers\staff\business\business_handler.php:1235) in C:\Users\rvmat\Banwa\server\services\staff\business\business_analytics.php on line 31
Stack trace:
#0 {main}
[04-Feb-2026 16:24:50 UTC] PHP Fatal error:  Cannot redeclare function handleChartBusinessType() (previously declared in C:\Users\rvmat\Banwa\server\handlers\staff\business\business_handler.php:1235) in C:\Users\rvmat\Banwa\server\services\staff\business\business_analytics.php on line 31
Stack trace:
#0 {main}
[04-Feb-2026 16:25:20 UTC] PHP Fatal error:  Cannot redeclare function handleChartBusinessType() (previously declared in C:\Users\rvmat\Banwa\server\handlers\staff\business\business_handler.php:1235) in C:\Users\rvmat\Banwa\server\services\staff\business\business_analytics.php on line 31
Stack trace:
#0 {main}
[04-Feb-2026 16:25:50 UTC] PHP Fatal error:  Cannot redeclare function handleChartBusinessType() (previously declared in C:\Users\rvmat\Banwa\server\handlers\staff\business\business_handler.php:1235) in C:\Users\rvmat\Banwa\server\services\staff\business\business_analytics.php on line 31
Stack trace:
#0 {main}
[04-Feb-2026 16:26:20 UTC] PHP Fatal error:  Cannot redeclare function handleChartBusinessType() (previously declared in C:\Users\rvmat\Banwa\server\handlers\staff\business\business_handler.php:1235) in C:\Users\rvmat\Banwa\server\services\staff\business\business_analytics.php on line 31
Stack trace:
#0 {main}
[04-Feb-2026 16:26:50 UTC] PHP Fatal error:  Cannot redeclare function handleChartBusinessType() (previously declared in C:\Users\rvmat\Banwa\server\handlers\staff\business\business_handler.php:1235) in C:\Users\rvmat\Banwa\server\services\staff\business\business_analytics.php on line 31
Stack trace:
#0 {main}
[04-Feb-2026 16:28:02 UTC] PHP Fatal error:  Cannot redeclare function handleChartBusinessType() (previously declared in C:\Users\rvmat\Banwa\server\handlers\staff\business\business_handler.php:1235) in C:\Users\rvmat\Banwa\server\services\staff\business\business_analytics.php on line 31
Stack trace:
#0 {main}
[04-Feb-2026 16:28:19 UTC] PHP Fatal error:  Cannot redeclare function handleChartBusinessType() (previously declared in C:\Users\rvmat\Banwa\server\handlers\staff\business\business_handler.php:1235) in C:\Users\rvmat\Banwa\server\services\staff\business\business_analytics.php on line 31
Stack trace:
#0 {main}
[04-Feb-2026 16:28:20 UTC] PHP Fatal error:  Cannot redeclare function handleChartBusinessType() (previously declared in C:\Users\rvmat\Banwa\server\handlers\staff\business\business_handler.php:1235) in C:\Users\rvmat\Banwa\server\services\staff\business\business_analytics.php on line 31
Stack trace:
#0 {main}
[04-Feb-2026 16:28:46 UTC] PHP Fatal error:  Cannot redeclare function handleChartBusinessType() (previously declared in C:\Users\rvmat\Banwa\server\handlers\staff\business\business_handler.php:1235) in C:\Users\rvmat\Banwa\server\services\staff\business\business_analytics.php on line 31
Stack trace:
#0 {main}
[04-Feb-2026 16:28:48 UTC] PHP Fatal error:  Cannot redeclare function handleChartBusinessType() (previously declared in C:\Users\rvmat\Banwa\server\handlers\staff\business\business_handler.php:1235) in C:\Users\rvmat\Banwa\server\services\staff\business\business_analytics.php on line 31
Stack trace:
#0 {main}
[04-Feb-2026 16:29:17 UTC] PHP Fatal error:  Cannot redeclare function handleChartBusinessType() (previously declared in C:\Users\rvmat\Banwa\server\handlers\staff\business\business_handler.php:1235) in C:\Users\rvmat\Banwa\server\services\staff\business\business_analytics.php on line 31
Stack trace:
#0 {main}
[04-Feb-2026 16:29:47 UTC] PHP Fatal error:  Cannot redeclare function handleChartBusinessType() (previously declared in C:\Users\rvmat\Banwa\server\handlers\staff\business\business_handler.php:1235) in C:\Users\rvmat\Banwa\server\services\staff\business\business_analytics.php on line 31
Stack trace:
#0 {main}
[04-Feb-2026 16:30:17 UTC] PHP Fatal error:  Cannot redeclare function handleChartBusinessType() (previously declared in C:\Users\rvmat\Banwa\server\handlers\staff\business\business_handler.php:1235) in C:\Users\rvmat\Banwa\server\services\staff\business\business_analytics.php on line 31
Stack trace:
#0 {main}
[04-Feb-2026 16:30:47 UTC] PHP Fatal error:  Cannot redeclare function handleChartBusinessType() (previously declared in C:\Users\rvmat\Banwa\server\handlers\staff\business\business_handler.php:1235) in C:\Users\rvmat\Banwa\server\services\staff\business\business_analytics.php on line 31
Stack trace:
#0 {main}
[04-Feb-2026 16:31:17 UTC] PHP Fatal error:  Cannot redeclare function handleChartBusinessType() (previously declared in C:\Users\rvmat\Banwa\server\handlers\staff\business\business_handler.php:1235) in C:\Users\rvmat\Banwa\server\services\staff\business\business_analytics.php on line 31
Stack trace:
#0 {main}
[04-Feb-2026 16:31:47 UTC] PHP Fatal error:  Cannot redeclare function handleChartBusinessType() (previously declared in C:\Users\rvmat\Banwa\server\handlers\staff\business\business_handler.php:1235) in C:\Users\rvmat\Banwa\server\services\staff\business\business_analytics.php on line 31
Stack trace:
#0 {main}
[04-Feb-2026 16:33:02 UTC] PHP Fatal error:  Cannot redeclare function handleChartBusinessType() (previously declared in C:\Users\rvmat\Banwa\server\handlers\staff\business\business_handler.php:1235) in C:\Users\rvmat\Banwa\server\services\staff\business\business_analytics.php on line 31
Stack trace:
#0 {main}
[04-Feb-2026 16:34:02 UTC] PHP Fatal error:  Cannot redeclare function handleChartBusinessType() (previously declared in C:\Users\rvmat\Banwa\server\handlers\staff\business\business_handler.php:1235) in C:\Users\rvmat\Banwa\server\services\staff\business\business_analytics.php on line 31
Stack trace:
#0 {main}
[04-Feb-2026 16:35:02 UTC] PHP Fatal error:  Cannot redeclare function handleChartBusinessType() (previously declared in C:\Users\rvmat\Banwa\server\handlers\staff\business\business_handler.php:1235) in C:\Users\rvmat\Banwa\server\services\staff\business\business_analytics.php on line 37
Stack trace:
#0 {main}
[04-Feb-2026 16:35:55 UTC] PHP Fatal error:  Cannot redeclare function handleChartBusinessType() (previously declared in C:\Users\rvmat\Banwa\server\handlers\staff\business\business_handler.php:1235) in C:\Users\rvmat\Banwa\server\services\staff\business\business_analytics.php on line 37
Stack trace:
#0 {main}
[04-Feb-2026 16:35:56 UTC] PHP Fatal error:  Cannot redeclare function handleChartBusinessType() (previously declared in C:\Users\rvmat\Banwa\server\handlers\staff\business\business_handler.php:1235) in C:\Users\rvmat\Banwa\server\services\staff\business\business_analytics.php on line 37
Stack trace:
#0 {main}
[04-Feb-2026 16:35:57 UTC] PHP Fatal error:  Cannot redeclare function handleChartBusinessType() (previously declared in C:\Users\rvmat\Banwa\server\handlers\staff\business\business_handler.php:1235) in C:\Users\rvmat\Banwa\server\services\staff\business\business_analytics.php on line 37
Stack trace:
#0 {main}
[04-Feb-2026 16:36:27 UTC] PHP Fatal error:  Cannot redeclare function handleChartBusinessType() (previously declared in C:\Users\rvmat\Banwa\server\handlers\staff\business\business_handler.php:1235) in C:\Users\rvmat\Banwa\server\services\staff\business\business_analytics.php on line 37
Stack trace:
#0 {main}
[04-Feb-2026 16:36:57 UTC] PHP Fatal error:  Cannot redeclare function handleChartBusinessType() (previously declared in C:\Users\rvmat\Banwa\server\handlers\staff\business\business_handler.php:1235) in C:\Users\rvmat\Banwa\server\services\staff\business\business_analytics.php on line 37
Stack trace:
#0 {main}
[04-Feb-2026 16:37:27 UTC] PHP Fatal error:  Cannot redeclare function handleChartBusinessType() (previously declared in C:\Users\rvmat\Banwa\server\handlers\staff\business\business_handler.php:1235) in C:\Users\rvmat\Banwa\server\services\staff\business\business_analytics.php on line 37
Stack trace:
#0 {main}
[04-Feb-2026 16:37:57 UTC] PHP Fatal error:  Cannot redeclare function handleChartBusinessType() (previously declared in C:\Users\rvmat\Banwa\server\handlers\staff\business\business_handler.php:1235) in C:\Users\rvmat\Banwa\server\services\staff\business\business_analytics.php on line 37
Stack trace:
#0 {main}
[04-Feb-2026 16:38:27 UTC] PHP Fatal error:  Cannot redeclare function handleChartBusinessType() (previously declared in C:\Users\rvmat\Banwa\server\handlers\staff\business\business_handler.php:1235) in C:\Users\rvmat\Banwa\server\services\staff\business\business_analytics.php on line 37
Stack trace:
#0 {main}
[04-Feb-2026 16:38:57 UTC] PHP Fatal error:  Cannot redeclare function handleChartBusinessType() (previously declared in C:\Users\rvmat\Banwa\server\handlers\staff\business\business_handler.php:1235) in C:\Users\rvmat\Banwa\server\services\staff\business\business_analytics.php on line 37
Stack trace:
#0 {main}
[04-Feb-2026 16:40:02 UTC] PHP Fatal error:  Cannot redeclare function handleChartBusinessType() (previously declared in C:\Users\rvmat\Banwa\server\handlers\staff\business\business_handler.php:1235) in C:\Users\rvmat\Banwa\server\services\staff\business\business_analytics.php on line 37
Stack trace:
#0 {main}
[04-Feb-2026 16:50:02 UTC] PHP Notice:  session_start(): Ignoring session_start() because a session is already active (started from C:\Users\rvmat\Banwa\server\handlers\staff\business\business_handler.php on line 10) in C:\Users\rvmat\Banwa\server\services\staff\business\business_applications.php on line 5
[04-Feb-2026 16:50:15 UTC] PHP Notice:  session_start(): Ignoring session_start() because a session is already active (started from C:\Users\rvmat\Banwa\server\handlers\staff\business\business_handler.php on line 10) in C:\Users\rvmat\Banwa\server\services\staff\business\business_applications.php on line 5
[04-Feb-2026 16:50:20 UTC] PHP Notice:  session_start(): Ignoring session_start() because a session is already active (started from C:\Users\rvmat\Banwa\server\handlers\staff\business\business_handler.php on line 10) in C:\Users\rvmat\Banwa\server\services\staff\business\business_applications.php on line 5
[04-Feb-2026 16:50:20 UTC] PHP Notice:  session_start(): Ignoring session_start() because a session is already active (started from C:\Users\rvmat\Banwa\server\handlers\staff\business\business_handler.php on line 10) in C:\Users\rvmat\Banwa\server\services\staff\business\business_applications.php on line 5
[04-Feb-2026 17:01:40 UTC] PHP Notice:  session_start(): Ignoring session_start() because a session is already active (started from C:\Users\rvmat\Banwa\server\handlers\staff\business\business_handler.php on line 10) in C:\Users\rvmat\Banwa\server\services\staff\business\business_applications.php on line 5
[04-Feb-2026 17:01:43 UTC] PHP Notice:  session_start(): Ignoring session_start() because a session is already active (started from C:\Users\rvmat\Banwa\server\handlers\staff\business\business_handler.php on line 10) in C:\Users\rvmat\Banwa\server\services\staff\business\business_applications.php on line 5
[04-Feb-2026 17:02:11 UTC] PHP Notice:  session_start(): Ignoring session_start() because a session is already active (started from C:\Users\rvmat\Banwa\server\handlers\staff\business\business_handler.php on line 10) in C:\Users\rvmat\Banwa\server\services\staff\business\business_applications.php on line 5
[04-Feb-2026 17:02:41 UTC] PHP Notice:  session_start(): Ignoring session_start() because a session is already active (started from C:\Users\rvmat\Banwa\server\handlers\staff\business\business_handler.php on line 10) in C:\Users\rvmat\Banwa\server\services\staff\business\business_applications.php on line 5
[04-Feb-2026 17:03:11 UTC] PHP Notice:  session_start(): Ignoring session_start() because a session is already active (started from C:\Users\rvmat\Banwa\server\handlers\staff\business\business_handler.php on line 10) in C:\Users\rvmat\Banwa\server\services\staff\business\business_applications.php on line 5
[04-Feb-2026 17:03:41 UTC] PHP Notice:  session_start(): Ignoring session_start() because a session is already active (started from C:\Users\rvmat\Banwa\server\handlers\staff\business\business_handler.php on line 10) in C:\Users\rvmat\Banwa\server\services\staff\business\business_applications.php on line 5
[04-Feb-2026 17:03:50 UTC] PHP Notice:  session_start(): Ignoring session_start() because a session is already active (started from C:\Users\rvmat\Banwa\server\handlers\staff\business\business_handler.php on line 10) in C:\Users\rvmat\Banwa\server\services\staff\business\business_applications.php on line 5
[04-Feb-2026 17:04:20 UTC] PHP Notice:  session_start(): Ignoring session_start() because a session is already active (started from C:\Users\rvmat\Banwa\server\handlers\staff\business\business_handler.php on line 10) in C:\Users\rvmat\Banwa\server\services\staff\business\business_applications.php on line 5
[04-Feb-2026 17:04:20 UTC] PHP Notice:  session_start(): Ignoring session_start() because a session is already active (started from C:\Users\rvmat\Banwa\server\handlers\staff\business\business_handler.php on line 10) in C:\Users\rvmat\Banwa\server\services\staff\business\business_applications.php on line 5
[04-Feb-2026 17:04:50 UTC] PHP Notice:  session_start(): Ignoring session_start() because a session is already active (started from C:\Users\rvmat\Banwa\server\handlers\staff\business\business_handler.php on line 10) in C:\Users\rvmat\Banwa\server\services\staff\business\business_applications.php on line 5
[04-Feb-2026 17:04:50 UTC] PHP Notice:  session_start(): Ignoring session_start() because a session is already active (started from C:\Users\rvmat\Banwa\server\handlers\staff\business\business_handler.php on line 10) in C:\Users\rvmat\Banwa\server\services\staff\business\business_applications.php on line 5
[04-Feb-2026 17:05:20 UTC] PHP Notice:  session_start(): Ignoring session_start() because a session is already active (started from C:\Users\rvmat\Banwa\server\handlers\staff\business\business_handler.php on line 10) in C:\Users\rvmat\Banwa\server\services\staff\business\business_applications.php on line 5
[04-Feb-2026 17:05:20 UTC] PHP Notice:  session_start(): Ignoring session_start() because a session is already active (started from C:\Users\rvmat\Banwa\server\handlers\staff\business\business_handler.php on line 10) in C:\Users\rvmat\Banwa\server\services\staff\business\business_applications.php on line 5
[04-Feb-2026 17:05:50 UTC] PHP Notice:  session_start(): Ignoring session_start() because a session is already active (started from C:\Users\rvmat\Banwa\server\handlers\staff\business\business_handler.php on line 10) in C:\Users\rvmat\Banwa\server\services\staff\business\business_applications.php on line 5
[04-Feb-2026 17:05:50 UTC] PHP Notice:  session_start(): Ignoring session_start() because a session is already active (started from C:\Users\rvmat\Banwa\server\handlers\staff\business\business_handler.php on line 10) in C:\Users\rvmat\Banwa\server\services\staff\business\business_applications.php on line 5
[04-Feb-2026 17:06:20 UTC] PHP Notice:  session_start(): Ignoring session_start() because a session is already active (started from C:\Users\rvmat\Banwa\server\handlers\staff\business\business_handler.php on line 10) in C:\Users\rvmat\Banwa\server\services\staff\business\business_applications.php on line 5
[04-Feb-2026 17:06:20 UTC] PHP Notice:  session_start(): Ignoring session_start() because a session is already active (started from C:\Users\rvmat\Banwa\server\handlers\staff\business\business_handler.php on line 10) in C:\Users\rvmat\Banwa\server\services\staff\business\business_applications.php on line 5
[04-Feb-2026 17:06:36 UTC] PHP Notice:  session_start(): Ignoring session_start() because a session is already active (started from C:\Users\rvmat\Banwa\server\handlers\staff\business\business_handler.php on line 10) in C:\Users\rvmat\Banwa\server\services\staff\business\business_applications.php on line 5
[04-Feb-2026 17:06:52 UTC] PHP Notice:  session_start(): Ignoring session_start() because a session is already active (started from C:\Users\rvmat\Banwa\server\handlers\staff\business\business_handler.php on line 10) in C:\Users\rvmat\Banwa\server\services\staff\business\business_applications.php on line 5
[04-Feb-2026 17:07:06 UTC] PHP Notice:  session_start(): Ignoring session_start() because a session is already active (started from C:\Users\rvmat\Banwa\server\handlers\staff\business\business_handler.php on line 10) in C:\Users\rvmat\Banwa\server\services\staff\business\business_applications.php on line 5
