[27-Jan-2026 15:44:16 UTC] Fetch Error in handleFetchIncidentReports: SQLSTATE[42703]: Undefined column: 7 ERROR:  column "status" does not exist
LINE 9:                     status, dss_status, created_at, updated_...
                            ^
[27-Jan-2026 15:44:26 UTC] Fetch Error in handleFetchIncidentReports: SQLSTATE[42703]: Undefined column: 7 ERROR:  column "status" does not exist
LINE 9:                     status, dss_status, created_at, updated_...
                            ^
[27-Jan-2026 15:44:28 UTC] Fetch Error in handleFetchIncidentReports: SQLSTATE[42703]: Undefined column: 7 ERROR:  column "status" does not exist
LINE 9:                     status, dss_status, created_at, updated_...
                            ^
[27-Jan-2026 15:46:09 UTC] Fetch Error in handleFetchIncidentReports: SQLSTATE[42703]: Undefined column: 7 ERROR:  column "status" does not exist
LINE 9:                     status, dss_status, created_at, updated_...
                            ^
[27-Jan-2026 15:50:20 UTC] Failed to create DSS evaluation: SQLSTATE[42P01]: Undefined table: 7 ERROR:  relation "incident_evaluations" does not exist
LINE 1: INSERT INTO incident_evaluations 
                    ^
[27-Jan-2026 15:55:47 UTC] Failed to create DSS evaluation: SQLSTATE[42P01]: Undefined table: 7 ERROR:  relation "incident_evaluations" does not exist
LINE 1: INSERT INTO incident_evaluations 
                    ^
[27-Jan-2026 17:26:01 UTC] Failed to log status update: SQLSTATE[42P01]: Undefined table: 7 ERROR:  relation "incident_status_history" does not exist
LINE 1: INSERT INTO incident_status_history 
                    ^
[27-Jan-2026 17:26:36 UTC] Failed to log status update: SQLSTATE[42P01]: Undefined table: 7 ERROR:  relation "incident_status_history" does not exist
LINE 1: INSERT INTO incident_status_history 
                    ^
[27-Jan-2026 17:27:39 UTC] Failed to log status update: SQLSTATE[42P01]: Undefined table: 7 ERROR:  relation "incident_status_history" does not exist
LINE 1: INSERT INTO incident_status_history 
                    ^
[28-Jan-2026 06:06:13 UTC] Failed to log status update: SQLSTATE[42P01]: Undefined table: 7 ERROR:  relation "incident_status_history" does not exist
LINE 1: INSERT INTO incident_status_history 
                    ^
[28-Jan-2026 06:13:55 UTC] Failed to log status update: SQLSTATE[42P01]: Undefined table: 7 ERROR:  relation "incident_status_history" does not exist
LINE 1: INSERT INTO incident_status_history 
                    ^
