[11-Dec-2025 12:10:57 UTC] DEBUG: Memory usage before fetch: 2 MB
[11-Dec-2025 12:10:57 UTC] DEBUG: Rows fetched from DB: 3
[11-Dec-2025 12:10:57 UTC] DEBUG: Memory usage after processing: 2 MB
[11-Dec-2025 12:10:57 UTC] DEBUG: Memory usage before fetch: 2 MB
[11-Dec-2025 12:10:57 UTC] DEBUG: Rows fetched from DB: 3
[11-Dec-2025 12:10:57 UTC] DEBUG: Memory usage after processing: 2 MB
[11-Dec-2025 12:10:58 UTC] DEBUG: Memory usage before fetch: 2 MB
[11-Dec-2025 12:10:58 UTC] DEBUG: Rows fetched from DB: 3
[11-Dec-2025 12:10:58 UTC] DEBUG: Memory usage after processing: 2 MB
[11-Dec-2025 12:14:41 UTC] DEBUG: Memory usage before fetch: 2 MB
[11-Dec-2025 12:14:41 UTC] DEBUG: Rows fetched from DB: 3
[11-Dec-2025 12:14:41 UTC] DEBUG: Memory usage after processing: 2 MB
[11-Dec-2025 12:14:42 UTC] DEBUG: Memory usage before fetch: 2 MB
[11-Dec-2025 12:14:42 UTC] DEBUG: Rows fetched from DB: 3
[11-Dec-2025 12:14:42 UTC] DEBUG: Memory usage after processing: 2 MB
[11-Dec-2025 12:14:43 UTC] DEBUG: Memory usage before fetch: 2 MB
[11-Dec-2025 12:14:43 UTC] DEBUG: Rows fetched from DB: 3
[11-Dec-2025 12:14:43 UTC] DEBUG: Memory usage after processing: 2 MB
[11-Dec-2025 12:26:48 UTC] DEBUG: Memory usage before fetch: 2 MB
[11-Dec-2025 12:26:48 UTC] DEBUG: Rows fetched from DB: 3
[11-Dec-2025 12:26:48 UTC] DEBUG: Memory usage after processing: 2 MB
[11-Dec-2025 12:26:48 UTC] DEBUG: Memory usage before fetch: 2 MB
[11-Dec-2025 12:26:48 UTC] DEBUG: Rows fetched from DB: 3
[11-Dec-2025 12:26:48 UTC] DEBUG: Memory usage after processing: 2 MB
[11-Dec-2025 12:26:50 UTC] DEBUG: Memory usage before fetch: 2 MB
[11-Dec-2025 12:26:50 UTC] DEBUG: Rows fetched from DB: 3
[11-Dec-2025 12:26:50 UTC] DEBUG: Memory usage after processing: 2 MB
[11-Dec-2025 12:26:51 UTC] DEBUG: Memory usage before fetch: 2 MB
[11-Dec-2025 12:26:51 UTC] DEBUG: Rows fetched from DB: 3
[11-Dec-2025 12:26:51 UTC] DEBUG: Memory usage after processing: 2 MB
[11-Dec-2025 12:28:39 UTC] DEBUG: Memory usage before fetch: 2 MB
[11-Dec-2025 12:28:39 UTC] DEBUG: Rows fetched from DB: 3
[11-Dec-2025 12:28:39 UTC] DEBUG: Memory usage after processing: 2 MB
[11-Dec-2025 12:28:39 UTC] DEBUG: Memory usage before fetch: 2 MB
[11-Dec-2025 12:28:39 UTC] DEBUG: Rows fetched from DB: 3
[11-Dec-2025 12:28:39 UTC] DEBUG: Memory usage after processing: 2 MB
[11-Dec-2025 12:28:42 UTC] DEBUG: Memory usage before fetch: 2 MB
[11-Dec-2025 12:28:42 UTC] DEBUG: Rows fetched from DB: 3
[11-Dec-2025 12:28:42 UTC] DEBUG: Memory usage after processing: 2 MB
[11-Dec-2025 12:29:24 UTC] DEBUG: Memory usage before fetch: 2 MB
[11-Dec-2025 12:29:24 UTC] DEBUG: Rows fetched from DB: 3
[11-Dec-2025 12:29:24 UTC] DEBUG: Memory usage after processing: 2 MB
[11-Dec-2025 14:32:51 UTC] DEBUG: Memory usage before fetch: 2 MB
[11-Dec-2025 14:32:51 UTC] DEBUG: Rows fetched from DB: 3
[11-Dec-2025 14:32:51 UTC] DEBUG: Memory usage after processing: 2 MB
[11-Dec-2025 14:32:51 UTC] DEBUG: Memory usage before fetch: 2 MB
[11-Dec-2025 14:32:51 UTC] DEBUG: Rows fetched from DB: 3
[11-Dec-2025 14:32:51 UTC] DEBUG: Memory usage after processing: 2 MB
[11-Dec-2025 14:32:53 UTC] DEBUG: Memory usage before fetch: 2 MB
[11-Dec-2025 14:32:53 UTC] DEBUG: Rows fetched from DB: 3
[11-Dec-2025 14:32:53 UTC] DEBUG: Memory usage after processing: 2 MB
[11-Dec-2025 14:32:56 UTC] PHP Warning:  Undefined array key "nature_of_application" in C:\Users\rvmat\Banwa\client\scripts\staff\business_staff\business_handler.php on line 104
[12-Dec-2025 14:12:33 UTC] DEBUG: Memory usage before fetch: 2 MB
[12-Dec-2025 14:12:33 UTC] DEBUG: Rows fetched from DB: 3
[12-Dec-2025 14:12:33 UTC] DEBUG: Memory usage after processing: 2 MB
[12-Dec-2025 14:12:33 UTC] DEBUG: Memory usage before fetch: 2 MB
[12-Dec-2025 14:12:33 UTC] DEBUG: Rows fetched from DB: 3
[12-Dec-2025 14:12:33 UTC] DEBUG: Memory usage after processing: 2 MB
[12-Dec-2025 14:12:35 UTC] DEBUG: Memory usage before fetch: 2 MB
[12-Dec-2025 14:12:35 UTC] DEBUG: Rows fetched from DB: 3
[12-Dec-2025 14:12:35 UTC] DEBUG: Memory usage after processing: 2 MB
[12-Dec-2025 14:22:09 UTC] DEBUG: Memory usage before fetch: 2 MB
[12-Dec-2025 14:22:09 UTC] DEBUG: Rows fetched from DB: 3
[12-Dec-2025 14:22:09 UTC] DEBUG: Memory usage after processing: 2 MB
[12-Dec-2025 14:22:23 UTC] PHP Warning:  Undefined array key "nature_of_application" in C:\Users\rvmat\Banwa\client\scripts\staff\business_staff\business_handler.php on line 104
[12-Dec-2025 14:22:23 UTC] PHP Warning:  Undefined variable $applicationType in C:\Users\rvmat\Banwa\client\scripts\staff\business_staff\business_handler.php on line 366
[12-Dec-2025 14:22:23 UTC] PHP Deprecated:  strtoupper(): Passing null to parameter #1 ($string) of type string is deprecated in C:\Users\rvmat\Banwa\client\scripts\staff\business_staff\business_handler.php on line 366
[12-Dec-2025 14:22:23 UTC] PHP Warning:  Undefined variable $applicationType in C:\Users\rvmat\Banwa\client\scripts\staff\business_staff\business_handler.php on line 367
[12-Dec-2025 14:22:23 UTC] PHP Deprecated:  strtoupper(): Passing null to parameter #1 ($string) of type string is deprecated in C:\Users\rvmat\Banwa\client\scripts\staff\business_staff\business_handler.php on line 367
[12-Dec-2025 14:22:23 UTC] PHP Warning:  Undefined variable $applicationType in C:\Users\rvmat\Banwa\client\scripts\staff\business_staff\business_handler.php on line 368
[12-Dec-2025 14:22:23 UTC] PHP Deprecated:  strtoupper(): Passing null to parameter #1 ($string) of type string is deprecated in C:\Users\rvmat\Banwa\client\scripts\staff\business_staff\business_handler.php on line 368
[12-Dec-2025 14:23:19 UTC] PHP Warning:  Undefined array key "nature_of_application" in C:\Users\rvmat\Banwa\client\scripts\staff\business_staff\business_handler.php on line 104
[12-Dec-2025 14:23:19 UTC] PHP Warning:  Undefined variable $applicationType in C:\Users\rvmat\Banwa\client\scripts\staff\business_staff\business_handler.php on line 366
[12-Dec-2025 14:23:19 UTC] PHP Deprecated:  strtoupper(): Passing null to parameter #1 ($string) of type string is deprecated in C:\Users\rvmat\Banwa\client\scripts\staff\business_staff\business_handler.php on line 366
[12-Dec-2025 14:23:19 UTC] PHP Warning:  Undefined variable $applicationType in C:\Users\rvmat\Banwa\client\scripts\staff\business_staff\business_handler.php on line 367
[12-Dec-2025 14:23:19 UTC] PHP Deprecated:  strtoupper(): Passing null to parameter #1 ($string) of type string is deprecated in C:\Users\rvmat\Banwa\client\scripts\staff\business_staff\business_handler.php on line 367
[12-Dec-2025 14:23:19 UTC] PHP Warning:  Undefined variable $applicationType in C:\Users\rvmat\Banwa\client\scripts\staff\business_staff\business_handler.php on line 368
[12-Dec-2025 14:23:19 UTC] PHP Deprecated:  strtoupper(): Passing null to parameter #1 ($string) of type string is deprecated in C:\Users\rvmat\Banwa\client\scripts\staff\business_staff\business_handler.php on line 368
[12-Dec-2025 14:25:29 UTC] DEBUG: Memory usage before fetch: 2 MB
[12-Dec-2025 14:25:29 UTC] DEBUG: Rows fetched from DB: 3
[12-Dec-2025 14:25:29 UTC] DEBUG: Memory usage after processing: 2 MB
[12-Dec-2025 14:25:30 UTC] DEBUG: Memory usage before fetch: 2 MB
[12-Dec-2025 14:25:30 UTC] DEBUG: Rows fetched from DB: 3
[12-Dec-2025 14:25:30 UTC] DEBUG: Memory usage after processing: 2 MB
[12-Dec-2025 14:31:18 UTC] DEBUG: Memory usage before fetch: 2 MB
[12-Dec-2025 14:31:18 UTC] DEBUG: Rows fetched from DB: 3
[12-Dec-2025 14:31:18 UTC] DEBUG: Memory usage after processing: 2 MB
[12-Dec-2025 14:31:18 UTC] DEBUG: Memory usage before fetch: 2 MB
[12-Dec-2025 14:31:18 UTC] DEBUG: Rows fetched from DB: 3
[12-Dec-2025 14:31:18 UTC] DEBUG: Memory usage after processing: 2 MB
[12-Dec-2025 14:31:25 UTC] DEBUG: Memory usage before fetch: 2 MB
[12-Dec-2025 14:31:25 UTC] DEBUG: Rows fetched from DB: 3
[12-Dec-2025 14:31:25 UTC] DEBUG: Memory usage after processing: 2 MB
[12-Dec-2025 14:31:46 UTC] DEBUG: Memory usage before fetch: 2 MB
[12-Dec-2025 14:31:46 UTC] DEBUG: Rows fetched from DB: 3
[12-Dec-2025 14:31:46 UTC] DEBUG: Memory usage after processing: 2 MB
[12-Dec-2025 14:31:46 UTC] DEBUG: Memory usage before fetch: 2 MB
[12-Dec-2025 14:31:46 UTC] DEBUG: Rows fetched from DB: 3
[12-Dec-2025 14:31:46 UTC] DEBUG: Memory usage after processing: 2 MB
[12-Dec-2025 14:31:48 UTC] PHP Warning:  Undefined array key "nature_of_application" in C:\Users\rvmat\Banwa\client\scripts\staff\business_staff\business_handler.php on line 104
[12-Dec-2025 14:31:48 UTC] PHP Warning:  Undefined variable $applicationType in C:\Users\rvmat\Banwa\client\scripts\staff\business_staff\business_handler.php on line 366
[12-Dec-2025 14:31:48 UTC] PHP Deprecated:  strtoupper(): Passing null to parameter #1 ($string) of type string is deprecated in C:\Users\rvmat\Banwa\client\scripts\staff\business_staff\business_handler.php on line 366
[12-Dec-2025 14:31:48 UTC] PHP Warning:  Undefined variable $applicationType in C:\Users\rvmat\Banwa\client\scripts\staff\business_staff\business_handler.php on line 367
[12-Dec-2025 14:31:48 UTC] PHP Deprecated:  strtoupper(): Passing null to parameter #1 ($string) of type string is deprecated in C:\Users\rvmat\Banwa\client\scripts\staff\business_staff\business_handler.php on line 367
[12-Dec-2025 14:31:48 UTC] PHP Warning:  Undefined variable $applicationType in C:\Users\rvmat\Banwa\client\scripts\staff\business_staff\business_handler.php on line 368
[12-Dec-2025 14:31:48 UTC] PHP Deprecated:  strtoupper(): Passing null to parameter #1 ($string) of type string is deprecated in C:\Users\rvmat\Banwa\client\scripts\staff\business_staff\business_handler.php on line 368
[12-Dec-2025 14:32:31 UTC] DEBUG: Memory usage before fetch: 2 MB
[12-Dec-2025 14:32:31 UTC] DEBUG: Rows fetched from DB: 3
[12-Dec-2025 14:32:31 UTC] DEBUG: Memory usage after processing: 2 MB
[12-Dec-2025 14:32:55 UTC] DEBUG: Memory usage before fetch: 2 MB
[12-Dec-2025 14:32:55 UTC] DEBUG: Rows fetched from DB: 3
[12-Dec-2025 14:32:55 UTC] DEBUG: Memory usage after processing: 2 MB
[12-Dec-2025 14:32:58 UTC] DEBUG: Memory usage before fetch: 2 MB
[12-Dec-2025 14:32:58 UTC] DEBUG: Rows fetched from DB: 3
[12-Dec-2025 14:32:58 UTC] DEBUG: Memory usage after processing: 2 MB
[12-Dec-2025 14:32:58 UTC] DEBUG: Memory usage before fetch: 2 MB
[12-Dec-2025 14:32:58 UTC] DEBUG: Rows fetched from DB: 3
[12-Dec-2025 14:32:58 UTC] DEBUG: Memory usage after processing: 2 MB
[12-Dec-2025 14:33:00 UTC] DEBUG: Memory usage before fetch: 2 MB
[12-Dec-2025 14:33:00 UTC] DEBUG: Rows fetched from DB: 3
[12-Dec-2025 14:33:00 UTC] DEBUG: Memory usage after processing: 2 MB
[12-Dec-2025 14:33:07 UTC] DEBUG: Memory usage before fetch: 2 MB
[12-Dec-2025 14:33:07 UTC] DEBUG: Rows fetched from DB: 3
[12-Dec-2025 14:33:07 UTC] DEBUG: Memory usage after processing: 2 MB
[12-Dec-2025 14:33:09 UTC] DEBUG: Memory usage before fetch: 2 MB
[12-Dec-2025 14:33:09 UTC] DEBUG: Rows fetched from DB: 3
[12-Dec-2025 14:33:09 UTC] DEBUG: Memory usage after processing: 2 MB
[12-Dec-2025 14:33:14 UTC] DEBUG: Memory usage before fetch: 2 MB
[12-Dec-2025 14:33:14 UTC] DEBUG: Rows fetched from DB: 3
[12-Dec-2025 14:33:14 UTC] DEBUG: Memory usage after processing: 2 MB
[12-Dec-2025 14:33:15 UTC] DEBUG: Memory usage before fetch: 2 MB
[12-Dec-2025 14:33:15 UTC] DEBUG: Rows fetched from DB: 3
[12-Dec-2025 14:33:15 UTC] DEBUG: Memory usage after processing: 2 MB
[12-Dec-2025 14:33:17 UTC] DEBUG: Memory usage before fetch: 2 MB
[12-Dec-2025 14:33:17 UTC] DEBUG: Rows fetched from DB: 3
[12-Dec-2025 14:33:17 UTC] DEBUG: Memory usage after processing: 2 MB
[12-Dec-2025 14:43:14 UTC] DEBUG: Memory usage before fetch: 2 MB
[12-Dec-2025 14:43:14 UTC] DEBUG: Rows fetched from DB: 4
[12-Dec-2025 14:43:14 UTC] DEBUG: Memory usage after processing: 2 MB
[12-Dec-2025 14:43:14 UTC] DEBUG: Memory usage before fetch: 2 MB
[12-Dec-2025 14:43:14 UTC] DEBUG: Rows fetched from DB: 4
[12-Dec-2025 14:43:14 UTC] DEBUG: Memory usage after processing: 2 MB
[12-Dec-2025 14:43:27 UTC] DEBUG: Memory usage before fetch: 2 MB
[12-Dec-2025 14:43:27 UTC] DEBUG: Rows fetched from DB: 4
[12-Dec-2025 14:43:27 UTC] DEBUG: Memory usage after processing: 2 MB
[12-Dec-2025 14:43:36 UTC] DEBUG: Memory usage before fetch: 2 MB
[12-Dec-2025 14:43:36 UTC] DEBUG: Rows fetched from DB: 4
[12-Dec-2025 14:43:36 UTC] DEBUG: Memory usage after processing: 2 MB
[12-Dec-2025 14:48:15 UTC] DEBUG: Memory usage before fetch: 2 MB
[12-Dec-2025 14:48:15 UTC] DEBUG: Rows fetched from DB: 4
[12-Dec-2025 14:48:15 UTC] DEBUG: Memory usage after processing: 2 MB
[12-Dec-2025 14:48:20 UTC] DEBUG: Memory usage before fetch: 2 MB
[12-Dec-2025 14:48:20 UTC] DEBUG: Rows fetched from DB: 4
[12-Dec-2025 14:48:20 UTC] DEBUG: Memory usage after processing: 2 MB
[12-Dec-2025 14:48:39 UTC] DEBUG: Memory usage before fetch: 2 MB
[12-Dec-2025 14:48:39 UTC] DEBUG: Rows fetched from DB: 4
[12-Dec-2025 14:48:39 UTC] DEBUG: Memory usage after processing: 2 MB
[12-Dec-2025 14:48:41 UTC] DEBUG: Memory usage before fetch: 2 MB
[12-Dec-2025 14:48:41 UTC] DEBUG: Rows fetched from DB: 4
[12-Dec-2025 14:48:41 UTC] DEBUG: Memory usage after processing: 2 MB
[12-Dec-2025 14:49:54 UTC] DEBUG: Memory usage before fetch: 2 MB
[12-Dec-2025 14:49:54 UTC] DEBUG: Rows fetched from DB: 4
[12-Dec-2025 14:49:54 UTC] DEBUG: Memory usage after processing: 2 MB
[12-Dec-2025 14:51:00 UTC] PHP Warning:  Undefined array key "nature_of_application" in C:\Users\rvmat\Banwa\client\scripts\staff\business_staff\business_handler.php on line 104
[12-Dec-2025 14:51:00 UTC] PHP Warning:  Undefined variable $applicationType in C:\Users\rvmat\Banwa\client\scripts\staff\business_staff\business_handler.php on line 366
[12-Dec-2025 14:51:00 UTC] PHP Deprecated:  strtoupper(): Passing null to parameter #1 ($string) of type string is deprecated in C:\Users\rvmat\Banwa\client\scripts\staff\business_staff\business_handler.php on line 366
[12-Dec-2025 14:51:00 UTC] PHP Warning:  Undefined variable $applicationType in C:\Users\rvmat\Banwa\client\scripts\staff\business_staff\business_handler.php on line 367
[12-Dec-2025 14:51:00 UTC] PHP Deprecated:  strtoupper(): Passing null to parameter #1 ($string) of type string is deprecated in C:\Users\rvmat\Banwa\client\scripts\staff\business_staff\business_handler.php on line 367
[12-Dec-2025 14:51:00 UTC] PHP Warning:  Undefined variable $applicationType in C:\Users\rvmat\Banwa\client\scripts\staff\business_staff\business_handler.php on line 368
[12-Dec-2025 14:51:00 UTC] PHP Deprecated:  strtoupper(): Passing null to parameter #1 ($string) of type string is deprecated in C:\Users\rvmat\Banwa\client\scripts\staff\business_staff\business_handler.php on line 368
[12-Dec-2025 14:52:00 UTC] PHP Warning:  Undefined array key "nature_of_application" in C:\Users\rvmat\Banwa\client\scripts\staff\business_staff\business_handler.php on line 104
[12-Dec-2025 14:52:00 UTC] PHP Warning:  Undefined variable $applicationType in C:\Users\rvmat\Banwa\client\scripts\staff\business_staff\business_handler.php on line 366
[12-Dec-2025 14:52:00 UTC] PHP Deprecated:  strtoupper(): Passing null to parameter #1 ($string) of type string is deprecated in C:\Users\rvmat\Banwa\client\scripts\staff\business_staff\business_handler.php on line 366
[12-Dec-2025 14:52:00 UTC] PHP Warning:  Undefined variable $applicationType in C:\Users\rvmat\Banwa\client\scripts\staff\business_staff\business_handler.php on line 367
[12-Dec-2025 14:52:00 UTC] PHP Deprecated:  strtoupper(): Passing null to parameter #1 ($string) of type string is deprecated in C:\Users\rvmat\Banwa\client\scripts\staff\business_staff\business_handler.php on line 367
[12-Dec-2025 14:52:00 UTC] PHP Warning:  Undefined variable $applicationType in C:\Users\rvmat\Banwa\client\scripts\staff\business_staff\business_handler.php on line 368
[12-Dec-2025 14:52:00 UTC] PHP Deprecated:  strtoupper(): Passing null to parameter #1 ($string) of type string is deprecated in C:\Users\rvmat\Banwa\client\scripts\staff\business_staff\business_handler.php on line 368
[12-Dec-2025 14:52:26 UTC] DEBUG: Memory usage before fetch: 2 MB
[12-Dec-2025 14:52:26 UTC] DEBUG: Rows fetched from DB: 4
[12-Dec-2025 14:52:26 UTC] DEBUG: Memory usage after processing: 2 MB
[12-Dec-2025 14:52:26 UTC] DEBUG: Memory usage before fetch: 2 MB
[12-Dec-2025 14:52:26 UTC] DEBUG: Rows fetched from DB: 4
[12-Dec-2025 14:52:26 UTC] DEBUG: Memory usage after processing: 2 MB
[12-Dec-2025 14:55:46 UTC] DEBUG: Memory usage before fetch: 2 MB
[12-Dec-2025 14:55:46 UTC] DEBUG: Rows fetched from DB: 4
[12-Dec-2025 14:55:46 UTC] DEBUG: Memory usage after processing: 2 MB
[12-Dec-2025 14:56:07 UTC] DEBUG: Memory usage before fetch: 2 MB
[12-Dec-2025 14:56:07 UTC] DEBUG: Rows fetched from DB: 4
[12-Dec-2025 14:56:07 UTC] DEBUG: Memory usage after processing: 2 MB
[12-Dec-2025 14:56:08 UTC] DEBUG: Memory usage before fetch: 2 MB
[12-Dec-2025 14:56:08 UTC] DEBUG: Rows fetched from DB: 4
[12-Dec-2025 14:56:08 UTC] DEBUG: Memory usage after processing: 2 MB
[12-Dec-2025 14:56:17 UTC] PHP Warning:  Undefined array key "nature_of_application" in C:\Users\rvmat\Banwa\client\scripts\staff\business_staff\business_handler.php on line 104
[12-Dec-2025 14:56:17 UTC] PHP Warning:  Undefined variable $applicationType in C:\Users\rvmat\Banwa\client\scripts\staff\business_staff\business_handler.php on line 366
[12-Dec-2025 14:56:17 UTC] PHP Deprecated:  strtoupper(): Passing null to parameter #1 ($string) of type string is deprecated in C:\Users\rvmat\Banwa\client\scripts\staff\business_staff\business_handler.php on line 366
[12-Dec-2025 14:56:17 UTC] PHP Warning:  Undefined variable $applicationType in C:\Users\rvmat\Banwa\client\scripts\staff\business_staff\business_handler.php on line 367
[12-Dec-2025 14:56:17 UTC] PHP Deprecated:  strtoupper(): Passing null to parameter #1 ($string) of type string is deprecated in C:\Users\rvmat\Banwa\client\scripts\staff\business_staff\business_handler.php on line 367
[12-Dec-2025 14:56:17 UTC] PHP Warning:  Undefined variable $applicationType in C:\Users\rvmat\Banwa\client\scripts\staff\business_staff\business_handler.php on line 368
[12-Dec-2025 14:56:17 UTC] PHP Deprecated:  strtoupper(): Passing null to parameter #1 ($string) of type string is deprecated in C:\Users\rvmat\Banwa\client\scripts\staff\business_staff\business_handler.php on line 368
[12-Dec-2025 15:05:19 UTC] DEBUG: Memory usage before fetch: 2 MB
[12-Dec-2025 15:05:19 UTC] DEBUG: Rows fetched from DB: 4
[12-Dec-2025 15:05:19 UTC] DEBUG: Memory usage after processing: 2 MB
[12-Dec-2025 15:05:20 UTC] DEBUG: Memory usage before fetch: 2 MB
[12-Dec-2025 15:05:20 UTC] DEBUG: Rows fetched from DB: 4
[12-Dec-2025 15:05:20 UTC] DEBUG: Memory usage after processing: 2 MB
[13-Dec-2025 14:57:57 UTC] DEBUG: Memory usage before fetch: 2 MB
[13-Dec-2025 14:57:57 UTC] DEBUG: Rows fetched from DB: 4
[13-Dec-2025 14:57:57 UTC] DEBUG: Memory usage after processing: 2 MB
[13-Dec-2025 14:57:57 UTC] DEBUG: Memory usage before fetch: 2 MB
[13-Dec-2025 14:57:57 UTC] DEBUG: Rows fetched from DB: 4
[13-Dec-2025 14:57:57 UTC] DEBUG: Memory usage after processing: 2 MB
